17-May-2024 12:15:25.866 INFO [main] org.apache.catalina.startup.VersionLoggerListener.log Nombre de la versión del servidor: Apache Tomcat/9.0.87
17-May-2024 12:15:25.870 INFO [main] org.apache.catalina.startup.VersionLoggerListener.log Server built:                      Mar 11 2024 10:12:34 UTC
17-May-2024 12:15:25.871 INFO [main] org.apache.catalina.startup.VersionLoggerListener.log Número de versión de servidor:     9.0.87.0
17-May-2024 12:15:25.871 INFO [main] org.apache.catalina.startup.VersionLoggerListener.log OS Name:                           Windows 11
17-May-2024 12:15:25.871 INFO [main] org.apache.catalina.startup.VersionLoggerListener.log Versión de Systema Operativo:      10.0
17-May-2024 12:15:25.871 INFO [main] org.apache.catalina.startup.VersionLoggerListener.log Arquitectura:                      amd64
17-May-2024 12:15:25.871 INFO [main] org.apache.catalina.startup.VersionLoggerListener.log Java Home:                         C:\Program Files\Java\jdk-20
17-May-2024 12:15:25.871 INFO [main] org.apache.catalina.startup.VersionLoggerListener.log JVM Version:                       20.0.2+9-78
17-May-2024 12:15:25.871 INFO [main] org.apache.catalina.startup.VersionLoggerListener.log Vededor JVM:                       Oracle Corporation
17-May-2024 12:15:25.871 INFO [main] org.apache.catalina.startup.VersionLoggerListener.log CATALINA_BASE:                     C:\Users\bslan\Documents\Projects\bmbgarage\bmbgarage\apache-tomcat-9.0.87
17-May-2024 12:15:25.872 INFO [main] org.apache.catalina.startup.VersionLoggerListener.log CATALINA_HOME:                     C:\Users\bslan\Documents\Projects\bmbgarage\bmbgarage\apache-tomcat-9.0.87
17-May-2024 12:15:25.884 INFO [main] org.apache.catalina.startup.VersionLoggerListener.log Command line argument:             --add-opens=java.base/java.lang=ALL-UNNAMED
17-May-2024 12:15:25.884 INFO [main] org.apache.catalina.startup.VersionLoggerListener.log Command line argument:             --add-opens=java.base/java.io=ALL-UNNAMED
17-May-2024 12:15:25.884 INFO [main] org.apache.catalina.startup.VersionLoggerListener.log Command line argument:             --add-opens=java.base/java.util=ALL-UNNAMED
17-May-2024 12:15:25.884 INFO [main] org.apache.catalina.startup.VersionLoggerListener.log Command line argument:             --add-opens=java.base/java.util.concurrent=ALL-UNNAMED
17-May-2024 12:15:25.884 INFO [main] org.apache.catalina.startup.VersionLoggerListener.log Command line argument:             --add-opens=java.rmi/sun.rmi.transport=ALL-UNNAMED
17-May-2024 12:15:25.885 INFO [main] org.apache.catalina.startup.VersionLoggerListener.log Command line argument:             -Djava.util.logging.config.file=C:\Users\bslan\Documents\Projects\bmbgarage\bmbgarage\apache-tomcat-9.0.87\conf\logging.properties
17-May-2024 12:15:25.885 INFO [main] org.apache.catalina.startup.VersionLoggerListener.log Command line argument:             -Djava.util.logging.manager=org.apache.juli.ClassLoaderLogManager
17-May-2024 12:15:25.886 INFO [main] org.apache.catalina.startup.VersionLoggerListener.log Command line argument:             -Djdk.tls.ephemeralDHKeySize=2048
17-May-2024 12:15:25.886 INFO [main] org.apache.catalina.startup.VersionLoggerListener.log Command line argument:             -Djava.protocol.handler.pkgs=org.apache.catalina.webresources
17-May-2024 12:15:25.887 INFO [main] org.apache.catalina.startup.VersionLoggerListener.log Command line argument:             -Dignore.endorsed.dirs=
17-May-2024 12:15:25.887 INFO [main] org.apache.catalina.startup.VersionLoggerListener.log Command line argument:             -Dcatalina.base=C:\Users\bslan\Documents\Projects\bmbgarage\bmbgarage\apache-tomcat-9.0.87
17-May-2024 12:15:25.887 INFO [main] org.apache.catalina.startup.VersionLoggerListener.log Command line argument:             -Dcatalina.home=C:\Users\bslan\Documents\Projects\bmbgarage\bmbgarage\apache-tomcat-9.0.87
17-May-2024 12:15:25.888 INFO [main] org.apache.catalina.startup.VersionLoggerListener.log Command line argument:             -Djava.io.tmpdir=C:\Users\bslan\Documents\Projects\bmbgarage\bmbgarage\apache-tomcat-9.0.87\temp
17-May-2024 12:15:26.258 INFO [main] org.apache.catalina.core.AprLifecycleListener.lifecycleEvent Cargada la biblioteca nativa APR de Apache Tomcat [1.3.0] con la versión APR [1.7.4].
17-May-2024 12:15:26.259 INFO [main] org.apache.catalina.core.AprLifecycleListener.lifecycleEvent Capacidades APR: IPv6 [true], enviar fichero [true], aceptar filtros [false], aleatorio [true], UDS [true].
17-May-2024 12:15:26.259 INFO [main] org.apache.catalina.core.AprLifecycleListener.lifecycleEvent APR/OpenSSL configuration: useAprConnector [false], useOpenSSL [true]
17-May-2024 12:15:26.263 INFO [main] org.apache.catalina.core.AprLifecycleListener.initializeSSL OpenSSL inicializado correctamente [OpenSSL 3.0.13 30 Jan 2024]
17-May-2024 12:15:26.533 INFO [main] org.apache.coyote.AbstractProtocol.init Inicializando el manejador de protocolo ["http-nio-8082"]

17-May-2024 12:15:26.558 INFO [main] org.apache.catalina.startup.Catalina.load Server initialization in [887] milliseconds
17-May-2024 12:15:26.611 INFO [main] org.apache.catalina.core.StandardService.startInternal Arrancando servicio [Catalina]
17-May-2024 12:15:26.612 INFO [main] org.apache.catalina.core.StandardEngine.startInternal Starting Servlet engine: [Apache Tomcat/9.0.87]
17-May-2024 12:15:26.621 INFO [main] org.apache.catalina.startup.HostConfig.deployDirectory Desplegando el directorio [C:\Users\bslan\Documents\Projects\bmbgarage\bmbgarage\apache-tomcat-9.0.87\webapps\bermecar-pictures] de la aplicación web
17-May-2024 12:15:26.928 INFO [main] org.apache.catalina.startup.HostConfig.deployDirectory Deployment of web application directory [C:\Users\bslan\Documents\Projects\bmbgarage\bmbgarage\apache-tomcat-9.0.87\webapps\bermecar-pictures] has finished in [304] ms
17-May-2024 12:15:26.928 INFO [main] org.apache.catalina.startup.HostConfig.deployDirectory Desplegando el directorio [C:\Users\bslan\Documents\Projects\bmbgarage\bmbgarage\apache-tomcat-9.0.87\webapps\docs] de la aplicación web
17-May-2024 12:15:26.956 INFO [main] org.apache.catalina.startup.HostConfig.deployDirectory Deployment of web application directory [C:\Users\bslan\Documents\Projects\bmbgarage\bmbgarage\apache-tomcat-9.0.87\webapps\docs] has finished in [28] ms
17-May-2024 12:15:26.957 INFO [main] org.apache.catalina.startup.HostConfig.deployDirectory Desplegando el directorio [C:\Users\bslan\Documents\Projects\bmbgarage\bmbgarage\apache-tomcat-9.0.87\webapps\examples] de la aplicación web
17-May-2024 12:15:27.313 INFO [main] org.apache.catalina.startup.HostConfig.deployDirectory Deployment of web application directory [C:\Users\bslan\Documents\Projects\bmbgarage\bmbgarage\apache-tomcat-9.0.87\webapps\examples] has finished in [356] ms
17-May-2024 12:15:27.313 INFO [main] org.apache.catalina.startup.HostConfig.deployDirectory Desplegando el directorio [C:\Users\bslan\Documents\Projects\bmbgarage\bmbgarage\apache-tomcat-9.0.87\webapps\host-manager] de la aplicación web
17-May-2024 12:15:27.345 INFO [main] org.apache.catalina.startup.HostConfig.deployDirectory Deployment of web application directory [C:\Users\bslan\Documents\Projects\bmbgarage\bmbgarage\apache-tomcat-9.0.87\webapps\host-manager] has finished in [32] ms
17-May-2024 12:15:27.345 INFO [main] org.apache.catalina.startup.HostConfig.deployDirectory Desplegando el directorio [C:\Users\bslan\Documents\Projects\bmbgarage\bmbgarage\apache-tomcat-9.0.87\webapps\manager] de la aplicación web
17-May-2024 12:15:27.377 INFO [main] org.apache.catalina.startup.HostConfig.deployDirectory Deployment of web application directory [C:\Users\bslan\Documents\Projects\bmbgarage\bmbgarage\apache-tomcat-9.0.87\webapps\manager] has finished in [31] ms
17-May-2024 12:15:27.377 INFO [main] org.apache.catalina.startup.HostConfig.deployDirectory Desplegando el directorio [C:\Users\bslan\Documents\Projects\bmbgarage\bmbgarage\apache-tomcat-9.0.87\webapps\ROOT] de la aplicación web
17-May-2024 12:15:27.400 INFO [main] org.apache.catalina.startup.HostConfig.deployDirectory Deployment of web application directory [C:\Users\bslan\Documents\Projects\bmbgarage\bmbgarage\apache-tomcat-9.0.87\webapps\ROOT] has finished in [23] ms
17-May-2024 12:15:27.407 INFO [main] org.apache.coyote.AbstractProtocol.start Starting ProtocolHandler ["http-nio-8082"]
17-May-2024 12:15:27.444 INFO [main] org.apache.catalina.startup.Catalina.start Server startup in [885] milliseconds
17-May-2024 12:21:12.288 INFO [main] org.apache.catalina.startup.VersionLoggerListener.log Nombre de la versión del servidor: Apache Tomcat/9.0.87
17-May-2024 12:21:12.291 INFO [main] org.apache.catalina.startup.VersionLoggerListener.log Server built:                      Mar 11 2024 10:12:34 UTC
17-May-2024 12:21:12.291 INFO [main] org.apache.catalina.startup.VersionLoggerListener.log Número de versión de servidor:     9.0.87.0
17-May-2024 12:21:12.291 INFO [main] org.apache.catalina.startup.VersionLoggerListener.log OS Name:                           Windows 11
17-May-2024 12:21:12.292 INFO [main] org.apache.catalina.startup.VersionLoggerListener.log Versión de Systema Operativo:      10.0
17-May-2024 12:21:12.292 INFO [main] org.apache.catalina.startup.VersionLoggerListener.log Arquitectura:                      amd64
17-May-2024 12:21:12.292 INFO [main] org.apache.catalina.startup.VersionLoggerListener.log Java Home:                         C:\Program Files\Java\jdk-20
17-May-2024 12:21:12.293 INFO [main] org.apache.catalina.startup.VersionLoggerListener.log JVM Version:                       20.0.2+9-78
17-May-2024 12:21:12.293 INFO [main] org.apache.catalina.startup.VersionLoggerListener.log Vededor JVM:                       Oracle Corporation
17-May-2024 12:21:12.293 INFO [main] org.apache.catalina.startup.VersionLoggerListener.log CATALINA_BASE:                     C:\Users\bslan\Documents\Projects\bmbgarage\bmbgarage\apache-tomcat-9.0.87
17-May-2024 12:21:12.294 INFO [main] org.apache.catalina.startup.VersionLoggerListener.log CATALINA_HOME:                     C:\Users\bslan\Documents\Projects\bmbgarage\bmbgarage\apache-tomcat-9.0.87
17-May-2024 12:21:12.302 INFO [main] org.apache.catalina.startup.VersionLoggerListener.log Command line argument:             --add-opens=java.base/java.lang=ALL-UNNAMED
17-May-2024 12:21:12.302 INFO [main] org.apache.catalina.startup.VersionLoggerListener.log Command line argument:             --add-opens=java.base/java.io=ALL-UNNAMED
17-May-2024 12:21:12.303 INFO [main] org.apache.catalina.startup.VersionLoggerListener.log Command line argument:             --add-opens=java.base/java.util=ALL-UNNAMED
17-May-2024 12:21:12.303 INFO [main] org.apache.catalina.startup.VersionLoggerListener.log Command line argument:             --add-opens=java.base/java.util.concurrent=ALL-UNNAMED
17-May-2024 12:21:12.303 INFO [main] org.apache.catalina.startup.VersionLoggerListener.log Command line argument:             --add-opens=java.rmi/sun.rmi.transport=ALL-UNNAMED
17-May-2024 12:21:12.303 INFO [main] org.apache.catalina.startup.VersionLoggerListener.log Command line argument:             -Djava.util.logging.config.file=C:\Users\bslan\Documents\Projects\bmbgarage\bmbgarage\apache-tomcat-9.0.87\conf\logging.properties
17-May-2024 12:21:12.303 INFO [main] org.apache.catalina.startup.VersionLoggerListener.log Command line argument:             -Djava.util.logging.manager=org.apache.juli.ClassLoaderLogManager
17-May-2024 12:21:12.303 INFO [main] org.apache.catalina.startup.VersionLoggerListener.log Command line argument:             -Djdk.tls.ephemeralDHKeySize=2048
17-May-2024 12:21:12.304 INFO [main] org.apache.catalina.startup.VersionLoggerListener.log Command line argument:             -Djava.protocol.handler.pkgs=org.apache.catalina.webresources
17-May-2024 12:21:12.304 INFO [main] org.apache.catalina.startup.VersionLoggerListener.log Command line argument:             -Dignore.endorsed.dirs=
17-May-2024 12:21:12.304 INFO [main] org.apache.catalina.startup.VersionLoggerListener.log Command line argument:             -Dcatalina.base=C:\Users\bslan\Documents\Projects\bmbgarage\bmbgarage\apache-tomcat-9.0.87
17-May-2024 12:21:12.304 INFO [main] org.apache.catalina.startup.VersionLoggerListener.log Command line argument:             -Dcatalina.home=C:\Users\bslan\Documents\Projects\bmbgarage\bmbgarage\apache-tomcat-9.0.87
17-May-2024 12:21:12.304 INFO [main] org.apache.catalina.startup.VersionLoggerListener.log Command line argument:             -Djava.io.tmpdir=C:\Users\bslan\Documents\Projects\bmbgarage\bmbgarage\apache-tomcat-9.0.87\temp
17-May-2024 12:21:12.307 INFO [main] org.apache.catalina.core.AprLifecycleListener.lifecycleEvent Cargada la biblioteca nativa APR de Apache Tomcat [1.3.0] con la versión APR [1.7.4].
17-May-2024 12:21:12.307 INFO [main] org.apache.catalina.core.AprLifecycleListener.lifecycleEvent Capacidades APR: IPv6 [true], enviar fichero [true], aceptar filtros [false], aleatorio [true], UDS [true].
17-May-2024 12:21:12.307 INFO [main] org.apache.catalina.core.AprLifecycleListener.lifecycleEvent APR/OpenSSL configuration: useAprConnector [false], useOpenSSL [true]
17-May-2024 12:21:12.311 INFO [main] org.apache.catalina.core.AprLifecycleListener.initializeSSL OpenSSL inicializado correctamente [OpenSSL 3.0.13 30 Jan 2024]
17-May-2024 12:21:12.544 INFO [main] org.apache.coyote.AbstractProtocol.init Inicializando el manejador de protocolo ["http-nio-8082"]

17-May-2024 12:21:12.567 INFO [main] org.apache.catalina.startup.Catalina.load Server initialization in [442] milliseconds
17-May-2024 12:21:12.621 INFO [main] org.apache.catalina.core.StandardService.startInternal Arrancando servicio [Catalina]
17-May-2024 12:21:12.621 INFO [main] org.apache.catalina.core.StandardEngine.startInternal Starting Servlet engine: [Apache Tomcat/9.0.87]
17-May-2024 12:21:12.628 INFO [main] org.apache.catalina.startup.HostConfig.deployDirectory Desplegando el directorio [C:\Users\bslan\Documents\Projects\bmbgarage\bmbgarage\apache-tomcat-9.0.87\webapps\bermecar-pictures] de la aplicación web
17-May-2024 12:21:12.900 INFO [main] org.apache.catalina.startup.HostConfig.deployDirectory Deployment of web application directory [C:\Users\bslan\Documents\Projects\bmbgarage\bmbgarage\apache-tomcat-9.0.87\webapps\bermecar-pictures] has finished in [269] ms
17-May-2024 12:21:12.901 INFO [main] org.apache.catalina.startup.HostConfig.deployDirectory Desplegando el directorio [C:\Users\bslan\Documents\Projects\bmbgarage\bmbgarage\apache-tomcat-9.0.87\webapps\docs] de la aplicación web
17-May-2024 12:21:12.930 INFO [main] org.apache.catalina.startup.HostConfig.deployDirectory Deployment of web application directory [C:\Users\bslan\Documents\Projects\bmbgarage\bmbgarage\apache-tomcat-9.0.87\webapps\docs] has finished in [28] ms
17-May-2024 12:21:12.930 INFO [main] org.apache.catalina.startup.HostConfig.deployDirectory Desplegando el directorio [C:\Users\bslan\Documents\Projects\bmbgarage\bmbgarage\apache-tomcat-9.0.87\webapps\examples] de la aplicación web
17-May-2024 12:21:13.226 INFO [main] org.apache.catalina.startup.HostConfig.deployDirectory Deployment of web application directory [C:\Users\bslan\Documents\Projects\bmbgarage\bmbgarage\apache-tomcat-9.0.87\webapps\examples] has finished in [296] ms
17-May-2024 12:21:13.227 INFO [main] org.apache.catalina.startup.HostConfig.deployDirectory Desplegando el directorio [C:\Users\bslan\Documents\Projects\bmbgarage\bmbgarage\apache-tomcat-9.0.87\webapps\host-manager] de la aplicación web
17-May-2024 12:21:13.254 INFO [main] org.apache.catalina.startup.HostConfig.deployDirectory Deployment of web application directory [C:\Users\bslan\Documents\Projects\bmbgarage\bmbgarage\apache-tomcat-9.0.87\webapps\host-manager] has finished in [27] ms
17-May-2024 12:21:13.255 INFO [main] org.apache.catalina.startup.HostConfig.deployDirectory Desplegando el directorio [C:\Users\bslan\Documents\Projects\bmbgarage\bmbgarage\apache-tomcat-9.0.87\webapps\manager] de la aplicación web
17-May-2024 12:21:13.279 INFO [main] org.apache.catalina.startup.HostConfig.deployDirectory Deployment of web application directory [C:\Users\bslan\Documents\Projects\bmbgarage\bmbgarage\apache-tomcat-9.0.87\webapps\manager] has finished in [24] ms
17-May-2024 12:21:13.280 INFO [main] org.apache.catalina.startup.HostConfig.deployDirectory Desplegando el directorio [C:\Users\bslan\Documents\Projects\bmbgarage\bmbgarage\apache-tomcat-9.0.87\webapps\ROOT] de la aplicación web
17-May-2024 12:21:13.297 INFO [main] org.apache.catalina.startup.HostConfig.deployDirectory Deployment of web application directory [C:\Users\bslan\Documents\Projects\bmbgarage\bmbgarage\apache-tomcat-9.0.87\webapps\ROOT] has finished in [17] ms
17-May-2024 12:21:13.301 INFO [main] org.apache.coyote.AbstractProtocol.start Starting ProtocolHandler ["http-nio-8082"]
17-May-2024 12:21:13.335 INFO [main] org.apache.catalina.startup.Catalina.start Server startup in [765] milliseconds
17-May-2024 12:21:40.938 INFO [main] org.apache.catalina.startup.VersionLoggerListener.log Nombre de la versión del servidor: Apache Tomcat/9.0.87
17-May-2024 12:21:40.941 INFO [main] org.apache.catalina.startup.VersionLoggerListener.log Server built:                      Mar 11 2024 10:12:34 UTC
17-May-2024 12:21:40.941 INFO [main] org.apache.catalina.startup.VersionLoggerListener.log Número de versión de servidor:     9.0.87.0
17-May-2024 12:21:40.941 INFO [main] org.apache.catalina.startup.VersionLoggerListener.log OS Name:                           Windows 11
17-May-2024 12:21:40.941 INFO [main] org.apache.catalina.startup.VersionLoggerListener.log Versión de Systema Operativo:      10.0
17-May-2024 12:21:40.941 INFO [main] org.apache.catalina.startup.VersionLoggerListener.log Arquitectura:                      amd64
17-May-2024 12:21:40.942 INFO [main] org.apache.catalina.startup.VersionLoggerListener.log Java Home:                         C:\Program Files\Java\jdk-20
17-May-2024 12:21:40.942 INFO [main] org.apache.catalina.startup.VersionLoggerListener.log JVM Version:                       20.0.2+9-78
17-May-2024 12:21:40.942 INFO [main] org.apache.catalina.startup.VersionLoggerListener.log Vededor JVM:                       Oracle Corporation
17-May-2024 12:21:40.942 INFO [main] org.apache.catalina.startup.VersionLoggerListener.log CATALINA_BASE:                     C:\Users\bslan\Documents\Projects\bmbgarage\bmbgarage\apache-tomcat-9.0.87
17-May-2024 12:21:40.943 INFO [main] org.apache.catalina.startup.VersionLoggerListener.log CATALINA_HOME:                     C:\Users\bslan\Documents\Projects\bmbgarage\bmbgarage\apache-tomcat-9.0.87
17-May-2024 12:21:40.951 INFO [main] org.apache.catalina.startup.VersionLoggerListener.log Command line argument:             --add-opens=java.base/java.lang=ALL-UNNAMED
17-May-2024 12:21:40.951 INFO [main] org.apache.catalina.startup.VersionLoggerListener.log Command line argument:             --add-opens=java.base/java.io=ALL-UNNAMED
17-May-2024 12:21:40.951 INFO [main] org.apache.catalina.startup.VersionLoggerListener.log Command line argument:             --add-opens=java.base/java.util=ALL-UNNAMED
17-May-2024 12:21:40.951 INFO [main] org.apache.catalina.startup.VersionLoggerListener.log Command line argument:             --add-opens=java.base/java.util.concurrent=ALL-UNNAMED
17-May-2024 12:21:40.952 INFO [main] org.apache.catalina.startup.VersionLoggerListener.log Command line argument:             --add-opens=java.rmi/sun.rmi.transport=ALL-UNNAMED
17-May-2024 12:21:40.952 INFO [main] org.apache.catalina.startup.VersionLoggerListener.log Command line argument:             -Djava.util.logging.config.file=C:\Users\bslan\Documents\Projects\bmbgarage\bmbgarage\apache-tomcat-9.0.87\conf\logging.properties
17-May-2024 12:21:40.952 INFO [main] org.apache.catalina.startup.VersionLoggerListener.log Command line argument:             -Djava.util.logging.manager=org.apache.juli.ClassLoaderLogManager
17-May-2024 12:21:40.952 INFO [main] org.apache.catalina.startup.VersionLoggerListener.log Command line argument:             -Djdk.tls.ephemeralDHKeySize=2048
17-May-2024 12:21:40.952 INFO [main] org.apache.catalina.startup.VersionLoggerListener.log Command line argument:             -Djava.protocol.handler.pkgs=org.apache.catalina.webresources
17-May-2024 12:21:40.953 INFO [main] org.apache.catalina.startup.VersionLoggerListener.log Command line argument:             -Dignore.endorsed.dirs=
17-May-2024 12:21:40.953 INFO [main] org.apache.catalina.startup.VersionLoggerListener.log Command line argument:             -Dcatalina.base=C:\Users\bslan\Documents\Projects\bmbgarage\bmbgarage\apache-tomcat-9.0.87
17-May-2024 12:21:40.953 INFO [main] org.apache.catalina.startup.VersionLoggerListener.log Command line argument:             -Dcatalina.home=C:\Users\bslan\Documents\Projects\bmbgarage\bmbgarage\apache-tomcat-9.0.87
17-May-2024 12:21:40.953 INFO [main] org.apache.catalina.startup.VersionLoggerListener.log Command line argument:             -Djava.io.tmpdir=C:\Users\bslan\Documents\Projects\bmbgarage\bmbgarage\apache-tomcat-9.0.87\temp
17-May-2024 12:21:40.956 INFO [main] org.apache.catalina.core.AprLifecycleListener.lifecycleEvent Cargada la biblioteca nativa APR de Apache Tomcat [1.3.0] con la versión APR [1.7.4].
17-May-2024 12:21:40.956 INFO [main] org.apache.catalina.core.AprLifecycleListener.lifecycleEvent Capacidades APR: IPv6 [true], enviar fichero [true], aceptar filtros [false], aleatorio [true], UDS [true].
17-May-2024 12:21:40.957 INFO [main] org.apache.catalina.core.AprLifecycleListener.lifecycleEvent APR/OpenSSL configuration: useAprConnector [false], useOpenSSL [true]
17-May-2024 12:21:40.960 INFO [main] org.apache.catalina.core.AprLifecycleListener.initializeSSL OpenSSL inicializado correctamente [OpenSSL 3.0.13 30 Jan 2024]
17-May-2024 12:21:41.192 INFO [main] org.apache.coyote.AbstractProtocol.init Inicializando el manejador de protocolo ["http-nio-8082"]

17-May-2024 12:21:41.208 SEVERE [main] org.apache.catalina.util.LifecycleBase.handleSubClassException Fallo al iniciar el componente [Connector["http-nio-8082"]]
	org.apache.catalina.LifecycleException: Falló la inicialización del manejador de protocolo
		at org.apache.catalina.connector.Connector.initInternal(Connector.java:1011)
		at org.apache.catalina.util.LifecycleBase.init(LifecycleBase.java:127)
		at org.apache.catalina.core.StandardService.initInternal(StandardService.java:554)
		at org.apache.catalina.util.LifecycleBase.init(LifecycleBase.java:127)
		at org.apache.catalina.core.StandardServer.initInternal(StandardServer.java:1046)
		at org.apache.catalina.util.LifecycleBase.init(LifecycleBase.java:127)
		at org.apache.catalina.startup.Catalina.load(Catalina.java:686)
		at org.apache.catalina.startup.Catalina.load(Catalina.java:709)
		at java.base/jdk.internal.reflect.DirectMethodHandleAccessor.invoke(DirectMethodHandleAccessor.java:104)
		at java.base/java.lang.reflect.Method.invoke(Method.java:578)
		at org.apache.catalina.startup.Bootstrap.load(Bootstrap.java:302)
		at org.apache.catalina.startup.Bootstrap.main(Bootstrap.java:472)
	Caused by: java.net.BindException: Address already in use: bind
		at java.base/sun.nio.ch.Net.bind0(Native Method)
		at java.base/sun.nio.ch.Net.bind(Net.java:556)
		at java.base/sun.nio.ch.ServerSocketChannelImpl.netBind(ServerSocketChannelImpl.java:344)
		at java.base/sun.nio.ch.ServerSocketChannelImpl.bind(ServerSocketChannelImpl.java:301)
		at org.apache.tomcat.util.net.NioEndpoint.initServerSocket(NioEndpoint.java:268)
		at org.apache.tomcat.util.net.NioEndpoint.bind(NioEndpoint.java:223)
		at org.apache.tomcat.util.net.AbstractEndpoint.bindWithCleanup(AbstractEndpoint.java:1334)
		at org.apache.tomcat.util.net.AbstractEndpoint.init(AbstractEndpoint.java:1347)
		at org.apache.coyote.AbstractProtocol.init(AbstractProtocol.java:654)
		at org.apache.coyote.http11.AbstractHttp11Protocol.init(AbstractHttp11Protocol.java:75)
		at org.apache.catalina.connector.Connector.initInternal(Connector.java:1009)
		... 11 more
17-May-2024 12:21:41.209 INFO [main] org.apache.catalina.startup.Catalina.load Server initialization in [425] milliseconds
17-May-2024 12:21:41.256 INFO [main] org.apache.catalina.core.StandardService.startInternal Arrancando servicio [Catalina]
17-May-2024 12:21:41.256 INFO [main] org.apache.catalina.core.StandardEngine.startInternal Starting Servlet engine: [Apache Tomcat/9.0.87]
17-May-2024 12:21:41.263 INFO [main] org.apache.catalina.startup.HostConfig.deployDirectory Desplegando el directorio [C:\Users\bslan\Documents\Projects\bmbgarage\bmbgarage\apache-tomcat-9.0.87\webapps\bermecar-pictures] de la aplicación web
17-May-2024 12:21:41.530 INFO [main] org.apache.catalina.startup.HostConfig.deployDirectory Deployment of web application directory [C:\Users\bslan\Documents\Projects\bmbgarage\bmbgarage\apache-tomcat-9.0.87\webapps\bermecar-pictures] has finished in [264] ms
17-May-2024 12:21:41.530 INFO [main] org.apache.catalina.startup.HostConfig.deployDirectory Desplegando el directorio [C:\Users\bslan\Documents\Projects\bmbgarage\bmbgarage\apache-tomcat-9.0.87\webapps\docs] de la aplicación web
17-May-2024 12:21:41.557 INFO [main] org.apache.catalina.startup.HostConfig.deployDirectory Deployment of web application directory [C:\Users\bslan\Documents\Projects\bmbgarage\bmbgarage\apache-tomcat-9.0.87\webapps\docs] has finished in [26] ms
17-May-2024 12:21:41.557 INFO [main] org.apache.catalina.startup.HostConfig.deployDirectory Desplegando el directorio [C:\Users\bslan\Documents\Projects\bmbgarage\bmbgarage\apache-tomcat-9.0.87\webapps\examples] de la aplicación web
17-May-2024 12:21:41.845 INFO [main] org.apache.catalina.startup.HostConfig.deployDirectory Deployment of web application directory [C:\Users\bslan\Documents\Projects\bmbgarage\bmbgarage\apache-tomcat-9.0.87\webapps\examples] has finished in [288] ms
17-May-2024 12:21:41.846 INFO [main] org.apache.catalina.startup.HostConfig.deployDirectory Desplegando el directorio [C:\Users\bslan\Documents\Projects\bmbgarage\bmbgarage\apache-tomcat-9.0.87\webapps\host-manager] de la aplicación web
17-May-2024 12:21:41.874 INFO [main] org.apache.catalina.startup.HostConfig.deployDirectory Deployment of web application directory [C:\Users\bslan\Documents\Projects\bmbgarage\bmbgarage\apache-tomcat-9.0.87\webapps\host-manager] has finished in [28] ms
17-May-2024 12:21:41.874 INFO [main] org.apache.catalina.startup.HostConfig.deployDirectory Desplegando el directorio [C:\Users\bslan\Documents\Projects\bmbgarage\bmbgarage\apache-tomcat-9.0.87\webapps\manager] de la aplicación web
17-May-2024 12:21:41.903 INFO [main] org.apache.catalina.startup.HostConfig.deployDirectory Deployment of web application directory [C:\Users\bslan\Documents\Projects\bmbgarage\bmbgarage\apache-tomcat-9.0.87\webapps\manager] has finished in [29] ms
17-May-2024 12:21:41.903 INFO [main] org.apache.catalina.startup.HostConfig.deployDirectory Desplegando el directorio [C:\Users\bslan\Documents\Projects\bmbgarage\bmbgarage\apache-tomcat-9.0.87\webapps\ROOT] de la aplicación web
17-May-2024 12:21:41.929 INFO [main] org.apache.catalina.startup.HostConfig.deployDirectory Deployment of web application directory [C:\Users\bslan\Documents\Projects\bmbgarage\bmbgarage\apache-tomcat-9.0.87\webapps\ROOT] has finished in [26] ms
17-May-2024 12:21:41.933 INFO [main] org.apache.catalina.startup.Catalina.start Server startup in [723] milliseconds
17-May-2024 12:21:41.938 SEVERE [main] org.apache.catalina.core.StandardServer.await Failed to create server shutdown socket on address [localhost] and port [8005] (base port [8005] and offset [0])
	java.net.BindException: Address already in use: bind
		at java.base/sun.nio.ch.Net.bind0(Native Method)
		at java.base/sun.nio.ch.Net.bind(Net.java:556)
		at java.base/sun.nio.ch.Net.bind(Net.java:545)
		at java.base/sun.nio.ch.NioSocketImpl.bind(NioSocketImpl.java:634)
		at java.base/java.net.ServerSocket.bind(ServerSocket.java:393)
		at java.base/java.net.ServerSocket.<init>(ServerSocket.java:275)
		at org.apache.catalina.core.StandardServer.await(StandardServer.java:581)
		at org.apache.catalina.startup.Catalina.await(Catalina.java:825)
		at org.apache.catalina.startup.Catalina.start(Catalina.java:773)
		at java.base/jdk.internal.reflect.DirectMethodHandleAccessor.invoke(DirectMethodHandleAccessor.java:104)
		at java.base/java.lang.reflect.Method.invoke(Method.java:578)
		at org.apache.catalina.startup.Bootstrap.start(Bootstrap.java:345)
		at org.apache.catalina.startup.Bootstrap.main(Bootstrap.java:473)
17-May-2024 12:21:41.938 INFO [main] org.apache.coyote.AbstractProtocol.pause Pausing ProtocolHandler ["http-nio-8082"]
17-May-2024 12:21:41.938 INFO [main] org.apache.catalina.core.StandardService.stopInternal Parando servicio [Catalina]
17-May-2024 12:21:41.959 INFO [main] org.apache.coyote.AbstractProtocol.stop Stopping ProtocolHandler ["http-nio-8082"]
17-May-2024 12:21:41.961 INFO [main] org.apache.coyote.AbstractProtocol.destroy Destroying ProtocolHandler ["http-nio-8082"]
17-May-2024 12:24:02.795 INFO [main] org.apache.catalina.startup.VersionLoggerListener.log Nombre de la versión del servidor: Apache Tomcat/9.0.87
17-May-2024 12:24:02.797 INFO [main] org.apache.catalina.startup.VersionLoggerListener.log Server built:                      Mar 11 2024 10:12:34 UTC
17-May-2024 12:24:02.798 INFO [main] org.apache.catalina.startup.VersionLoggerListener.log Número de versión de servidor:     9.0.87.0
17-May-2024 12:24:02.798 INFO [main] org.apache.catalina.startup.VersionLoggerListener.log OS Name:                           Windows 11
17-May-2024 12:24:02.798 INFO [main] org.apache.catalina.startup.VersionLoggerListener.log Versión de Systema Operativo:      10.0
17-May-2024 12:24:02.798 INFO [main] org.apache.catalina.startup.VersionLoggerListener.log Arquitectura:                      amd64
17-May-2024 12:24:02.798 INFO [main] org.apache.catalina.startup.VersionLoggerListener.log Java Home:                         C:\Program Files\Java\jdk-20
17-May-2024 12:24:02.799 INFO [main] org.apache.catalina.startup.VersionLoggerListener.log JVM Version:                       20.0.2+9-78
17-May-2024 12:24:02.799 INFO [main] org.apache.catalina.startup.VersionLoggerListener.log Vededor JVM:                       Oracle Corporation
17-May-2024 12:24:02.799 INFO [main] org.apache.catalina.startup.VersionLoggerListener.log CATALINA_BASE:                     C:\Users\bslan\Documents\Projects\bmbgarage\bmbgarage\apache-tomcat-9.0.87
17-May-2024 12:24:02.799 INFO [main] org.apache.catalina.startup.VersionLoggerListener.log CATALINA_HOME:                     C:\Users\bslan\Documents\Projects\bmbgarage\bmbgarage\apache-tomcat-9.0.87
17-May-2024 12:24:02.808 INFO [main] org.apache.catalina.startup.VersionLoggerListener.log Command line argument:             --add-opens=java.base/java.lang=ALL-UNNAMED
17-May-2024 12:24:02.808 INFO [main] org.apache.catalina.startup.VersionLoggerListener.log Command line argument:             --add-opens=java.base/java.io=ALL-UNNAMED
17-May-2024 12:24:02.808 INFO [main] org.apache.catalina.startup.VersionLoggerListener.log Command line argument:             --add-opens=java.base/java.util=ALL-UNNAMED
17-May-2024 12:24:02.809 INFO [main] org.apache.catalina.startup.VersionLoggerListener.log Command line argument:             --add-opens=java.base/java.util.concurrent=ALL-UNNAMED
17-May-2024 12:24:02.809 INFO [main] org.apache.catalina.startup.VersionLoggerListener.log Command line argument:             --add-opens=java.rmi/sun.rmi.transport=ALL-UNNAMED
17-May-2024 12:24:02.809 INFO [main] org.apache.catalina.startup.VersionLoggerListener.log Command line argument:             -Djava.util.logging.config.file=C:\Users\bslan\Documents\Projects\bmbgarage\bmbgarage\apache-tomcat-9.0.87\conf\logging.properties
17-May-2024 12:24:02.809 INFO [main] org.apache.catalina.startup.VersionLoggerListener.log Command line argument:             -Djava.util.logging.manager=org.apache.juli.ClassLoaderLogManager
17-May-2024 12:24:02.809 INFO [main] org.apache.catalina.startup.VersionLoggerListener.log Command line argument:             -Djdk.tls.ephemeralDHKeySize=2048
17-May-2024 12:24:02.810 INFO [main] org.apache.catalina.startup.VersionLoggerListener.log Command line argument:             -Djava.protocol.handler.pkgs=org.apache.catalina.webresources
17-May-2024 12:24:02.810 INFO [main] org.apache.catalina.startup.VersionLoggerListener.log Command line argument:             -Dignore.endorsed.dirs=
17-May-2024 12:24:02.810 INFO [main] org.apache.catalina.startup.VersionLoggerListener.log Command line argument:             -Dcatalina.base=C:\Users\bslan\Documents\Projects\bmbgarage\bmbgarage\apache-tomcat-9.0.87
17-May-2024 12:24:02.810 INFO [main] org.apache.catalina.startup.VersionLoggerListener.log Command line argument:             -Dcatalina.home=C:\Users\bslan\Documents\Projects\bmbgarage\bmbgarage\apache-tomcat-9.0.87
17-May-2024 12:24:02.811 INFO [main] org.apache.catalina.startup.VersionLoggerListener.log Command line argument:             -Djava.io.tmpdir=C:\Users\bslan\Documents\Projects\bmbgarage\bmbgarage\apache-tomcat-9.0.87\temp
17-May-2024 12:24:02.813 INFO [main] org.apache.catalina.core.AprLifecycleListener.lifecycleEvent Cargada la biblioteca nativa APR de Apache Tomcat [1.3.0] con la versión APR [1.7.4].
17-May-2024 12:24:02.813 INFO [main] org.apache.catalina.core.AprLifecycleListener.lifecycleEvent Capacidades APR: IPv6 [true], enviar fichero [true], aceptar filtros [false], aleatorio [true], UDS [true].
17-May-2024 12:24:02.814 INFO [main] org.apache.catalina.core.AprLifecycleListener.lifecycleEvent APR/OpenSSL configuration: useAprConnector [false], useOpenSSL [true]
17-May-2024 12:24:02.818 INFO [main] org.apache.catalina.core.AprLifecycleListener.initializeSSL OpenSSL inicializado correctamente [OpenSSL 3.0.13 30 Jan 2024]
17-May-2024 12:24:03.050 INFO [main] org.apache.coyote.AbstractProtocol.init Inicializando el manejador de protocolo ["http-nio-8082"]

17-May-2024 12:24:03.067 SEVERE [main] org.apache.catalina.util.LifecycleBase.handleSubClassException Fallo al iniciar el componente [Connector["http-nio-8082"]]
	org.apache.catalina.LifecycleException: Falló la inicialización del manejador de protocolo
		at org.apache.catalina.connector.Connector.initInternal(Connector.java:1011)
		at org.apache.catalina.util.LifecycleBase.init(LifecycleBase.java:127)
		at org.apache.catalina.core.StandardService.initInternal(StandardService.java:554)
		at org.apache.catalina.util.LifecycleBase.init(LifecycleBase.java:127)
		at org.apache.catalina.core.StandardServer.initInternal(StandardServer.java:1046)
		at org.apache.catalina.util.LifecycleBase.init(LifecycleBase.java:127)
		at org.apache.catalina.startup.Catalina.load(Catalina.java:686)
		at org.apache.catalina.startup.Catalina.load(Catalina.java:709)
		at java.base/jdk.internal.reflect.DirectMethodHandleAccessor.invoke(DirectMethodHandleAccessor.java:104)
		at java.base/java.lang.reflect.Method.invoke(Method.java:578)
		at org.apache.catalina.startup.Bootstrap.load(Bootstrap.java:302)
		at org.apache.catalina.startup.Bootstrap.main(Bootstrap.java:472)
	Caused by: java.net.BindException: Address already in use: bind
		at java.base/sun.nio.ch.Net.bind0(Native Method)
		at java.base/sun.nio.ch.Net.bind(Net.java:556)
		at java.base/sun.nio.ch.ServerSocketChannelImpl.netBind(ServerSocketChannelImpl.java:344)
		at java.base/sun.nio.ch.ServerSocketChannelImpl.bind(ServerSocketChannelImpl.java:301)
		at org.apache.tomcat.util.net.NioEndpoint.initServerSocket(NioEndpoint.java:268)
		at org.apache.tomcat.util.net.NioEndpoint.bind(NioEndpoint.java:223)
		at org.apache.tomcat.util.net.AbstractEndpoint.bindWithCleanup(AbstractEndpoint.java:1334)
		at org.apache.tomcat.util.net.AbstractEndpoint.init(AbstractEndpoint.java:1347)
		at org.apache.coyote.AbstractProtocol.init(AbstractProtocol.java:654)
		at org.apache.coyote.http11.AbstractHttp11Protocol.init(AbstractHttp11Protocol.java:75)
		at org.apache.catalina.connector.Connector.initInternal(Connector.java:1009)
		... 11 more
17-May-2024 12:24:03.069 INFO [main] org.apache.catalina.startup.Catalina.load Server initialization in [460] milliseconds
17-May-2024 12:24:03.137 INFO [main] org.apache.catalina.core.StandardService.startInternal Arrancando servicio [Catalina]
17-May-2024 12:24:03.137 INFO [main] org.apache.catalina.core.StandardEngine.startInternal Starting Servlet engine: [Apache Tomcat/9.0.87]
17-May-2024 12:24:03.144 INFO [main] org.apache.catalina.startup.HostConfig.deployDirectory Desplegando el directorio [C:\Users\bslan\Documents\Projects\bmbgarage\bmbgarage\apache-tomcat-9.0.87\webapps\bermecar-pictures] de la aplicación web
17-May-2024 12:24:03.401 INFO [main] org.apache.catalina.startup.HostConfig.deployDirectory Deployment of web application directory [C:\Users\bslan\Documents\Projects\bmbgarage\bmbgarage\apache-tomcat-9.0.87\webapps\bermecar-pictures] has finished in [255] ms
17-May-2024 12:24:03.401 INFO [main] org.apache.catalina.startup.HostConfig.deployDirectory Desplegando el directorio [C:\Users\bslan\Documents\Projects\bmbgarage\bmbgarage\apache-tomcat-9.0.87\webapps\docs] de la aplicación web
17-May-2024 12:24:03.443 INFO [main] org.apache.catalina.startup.HostConfig.deployDirectory Deployment of web application directory [C:\Users\bslan\Documents\Projects\bmbgarage\bmbgarage\apache-tomcat-9.0.87\webapps\docs] has finished in [42] ms
17-May-2024 12:24:03.444 INFO [main] org.apache.catalina.startup.HostConfig.deployDirectory Desplegando el directorio [C:\Users\bslan\Documents\Projects\bmbgarage\bmbgarage\apache-tomcat-9.0.87\webapps\examples] de la aplicación web
17-May-2024 12:24:03.874 INFO [main] org.apache.catalina.startup.HostConfig.deployDirectory Deployment of web application directory [C:\Users\bslan\Documents\Projects\bmbgarage\bmbgarage\apache-tomcat-9.0.87\webapps\examples] has finished in [430] ms
17-May-2024 12:24:03.874 INFO [main] org.apache.catalina.startup.HostConfig.deployDirectory Desplegando el directorio [C:\Users\bslan\Documents\Projects\bmbgarage\bmbgarage\apache-tomcat-9.0.87\webapps\host-manager] de la aplicación web
17-May-2024 12:24:03.909 INFO [main] org.apache.catalina.startup.HostConfig.deployDirectory Deployment of web application directory [C:\Users\bslan\Documents\Projects\bmbgarage\bmbgarage\apache-tomcat-9.0.87\webapps\host-manager] has finished in [34] ms
17-May-2024 12:24:03.909 INFO [main] org.apache.catalina.startup.HostConfig.deployDirectory Desplegando el directorio [C:\Users\bslan\Documents\Projects\bmbgarage\bmbgarage\apache-tomcat-9.0.87\webapps\manager] de la aplicación web
17-May-2024 12:24:03.946 INFO [main] org.apache.catalina.startup.HostConfig.deployDirectory Deployment of web application directory [C:\Users\bslan\Documents\Projects\bmbgarage\bmbgarage\apache-tomcat-9.0.87\webapps\manager] has finished in [37] ms
17-May-2024 12:24:03.946 INFO [main] org.apache.catalina.startup.HostConfig.deployDirectory Desplegando el directorio [C:\Users\bslan\Documents\Projects\bmbgarage\bmbgarage\apache-tomcat-9.0.87\webapps\ROOT] de la aplicación web
17-May-2024 12:24:03.973 INFO [main] org.apache.catalina.startup.HostConfig.deployDirectory Deployment of web application directory [C:\Users\bslan\Documents\Projects\bmbgarage\bmbgarage\apache-tomcat-9.0.87\webapps\ROOT] has finished in [27] ms
17-May-2024 12:24:03.980 INFO [main] org.apache.catalina.startup.Catalina.start Server startup in [909] milliseconds
17-May-2024 12:24:03.986 SEVERE [main] org.apache.catalina.core.StandardServer.await Failed to create server shutdown socket on address [localhost] and port [8005] (base port [8005] and offset [0])
	java.net.BindException: Address already in use: bind
		at java.base/sun.nio.ch.Net.bind0(Native Method)
		at java.base/sun.nio.ch.Net.bind(Net.java:556)
		at java.base/sun.nio.ch.Net.bind(Net.java:545)
		at java.base/sun.nio.ch.NioSocketImpl.bind(NioSocketImpl.java:634)
		at java.base/java.net.ServerSocket.bind(ServerSocket.java:393)
		at java.base/java.net.ServerSocket.<init>(ServerSocket.java:275)
		at org.apache.catalina.core.StandardServer.await(StandardServer.java:581)
		at org.apache.catalina.startup.Catalina.await(Catalina.java:825)
		at org.apache.catalina.startup.Catalina.start(Catalina.java:773)
		at java.base/jdk.internal.reflect.DirectMethodHandleAccessor.invoke(DirectMethodHandleAccessor.java:104)
		at java.base/java.lang.reflect.Method.invoke(Method.java:578)
		at org.apache.catalina.startup.Bootstrap.start(Bootstrap.java:345)
		at org.apache.catalina.startup.Bootstrap.main(Bootstrap.java:473)
17-May-2024 12:24:03.986 INFO [main] org.apache.coyote.AbstractProtocol.pause Pausing ProtocolHandler ["http-nio-8082"]
17-May-2024 12:24:03.987 INFO [main] org.apache.catalina.core.StandardService.stopInternal Parando servicio [Catalina]
17-May-2024 12:24:04.003 INFO [main] org.apache.coyote.AbstractProtocol.stop Stopping ProtocolHandler ["http-nio-8082"]
17-May-2024 12:24:04.005 INFO [main] org.apache.coyote.AbstractProtocol.destroy Destroying ProtocolHandler ["http-nio-8082"]
17-May-2024 12:25:02.737 INFO [main] org.apache.catalina.startup.VersionLoggerListener.log Nombre de la versión del servidor: Apache Tomcat/9.0.87
17-May-2024 12:25:02.740 INFO [main] org.apache.catalina.startup.VersionLoggerListener.log Server built:                      Mar 11 2024 10:12:34 UTC
17-May-2024 12:25:02.740 INFO [main] org.apache.catalina.startup.VersionLoggerListener.log Número de versión de servidor:     9.0.87.0
17-May-2024 12:25:02.740 INFO [main] org.apache.catalina.startup.VersionLoggerListener.log OS Name:                           Windows 11
17-May-2024 12:25:02.740 INFO [main] org.apache.catalina.startup.VersionLoggerListener.log Versión de Systema Operativo:      10.0
17-May-2024 12:25:02.740 INFO [main] org.apache.catalina.startup.VersionLoggerListener.log Arquitectura:                      amd64
17-May-2024 12:25:02.741 INFO [main] org.apache.catalina.startup.VersionLoggerListener.log Java Home:                         C:\Program Files\Java\jdk-20
17-May-2024 12:25:02.741 INFO [main] org.apache.catalina.startup.VersionLoggerListener.log JVM Version:                       20.0.2+9-78
17-May-2024 12:25:02.741 INFO [main] org.apache.catalina.startup.VersionLoggerListener.log Vededor JVM:                       Oracle Corporation
17-May-2024 12:25:02.741 INFO [main] org.apache.catalina.startup.VersionLoggerListener.log CATALINA_BASE:                     C:\Users\bslan\Documents\Projects\bmbgarage\bmbgarage\apache-tomcat-9.0.87
17-May-2024 12:25:02.741 INFO [main] org.apache.catalina.startup.VersionLoggerListener.log CATALINA_HOME:                     C:\Users\bslan\Documents\Projects\bmbgarage\bmbgarage\apache-tomcat-9.0.87
17-May-2024 12:25:02.749 INFO [main] org.apache.catalina.startup.VersionLoggerListener.log Command line argument:             --add-opens=java.base/java.lang=ALL-UNNAMED
17-May-2024 12:25:02.750 INFO [main] org.apache.catalina.startup.VersionLoggerListener.log Command line argument:             --add-opens=java.base/java.io=ALL-UNNAMED
17-May-2024 12:25:02.750 INFO [main] org.apache.catalina.startup.VersionLoggerListener.log Command line argument:             --add-opens=java.base/java.util=ALL-UNNAMED
17-May-2024 12:25:02.750 INFO [main] org.apache.catalina.startup.VersionLoggerListener.log Command line argument:             --add-opens=java.base/java.util.concurrent=ALL-UNNAMED
17-May-2024 12:25:02.750 INFO [main] org.apache.catalina.startup.VersionLoggerListener.log Command line argument:             --add-opens=java.rmi/sun.rmi.transport=ALL-UNNAMED
17-May-2024 12:25:02.751 INFO [main] org.apache.catalina.startup.VersionLoggerListener.log Command line argument:             -Djava.util.logging.config.file=C:\Users\bslan\Documents\Projects\bmbgarage\bmbgarage\apache-tomcat-9.0.87\conf\logging.properties
17-May-2024 12:25:02.751 INFO [main] org.apache.catalina.startup.VersionLoggerListener.log Command line argument:             -Djava.util.logging.manager=org.apache.juli.ClassLoaderLogManager
17-May-2024 12:25:02.751 INFO [main] org.apache.catalina.startup.VersionLoggerListener.log Command line argument:             -Djdk.tls.ephemeralDHKeySize=2048
17-May-2024 12:25:02.752 INFO [main] org.apache.catalina.startup.VersionLoggerListener.log Command line argument:             -Djava.protocol.handler.pkgs=org.apache.catalina.webresources
17-May-2024 12:25:02.752 INFO [main] org.apache.catalina.startup.VersionLoggerListener.log Command line argument:             -Dignore.endorsed.dirs=
17-May-2024 12:25:02.753 INFO [main] org.apache.catalina.startup.VersionLoggerListener.log Command line argument:             -Dcatalina.base=C:\Users\bslan\Documents\Projects\bmbgarage\bmbgarage\apache-tomcat-9.0.87
17-May-2024 12:25:02.753 INFO [main] org.apache.catalina.startup.VersionLoggerListener.log Command line argument:             -Dcatalina.home=C:\Users\bslan\Documents\Projects\bmbgarage\bmbgarage\apache-tomcat-9.0.87
17-May-2024 12:25:02.753 INFO [main] org.apache.catalina.startup.VersionLoggerListener.log Command line argument:             -Djava.io.tmpdir=C:\Users\bslan\Documents\Projects\bmbgarage\bmbgarage\apache-tomcat-9.0.87\temp
17-May-2024 12:25:02.756 INFO [main] org.apache.catalina.core.AprLifecycleListener.lifecycleEvent Cargada la biblioteca nativa APR de Apache Tomcat [1.3.0] con la versión APR [1.7.4].
17-May-2024 12:25:02.756 INFO [main] org.apache.catalina.core.AprLifecycleListener.lifecycleEvent Capacidades APR: IPv6 [true], enviar fichero [true], aceptar filtros [false], aleatorio [true], UDS [true].
17-May-2024 12:25:02.756 INFO [main] org.apache.catalina.core.AprLifecycleListener.lifecycleEvent APR/OpenSSL configuration: useAprConnector [false], useOpenSSL [true]
17-May-2024 12:25:02.760 INFO [main] org.apache.catalina.core.AprLifecycleListener.initializeSSL OpenSSL inicializado correctamente [OpenSSL 3.0.13 30 Jan 2024]
17-May-2024 12:25:02.948 INFO [main] org.apache.coyote.AbstractProtocol.init Inicializando el manejador de protocolo ["http-nio-8082"]

17-May-2024 12:25:02.961 SEVERE [main] org.apache.catalina.util.LifecycleBase.handleSubClassException Fallo al iniciar el componente [Connector["http-nio-8082"]]
	org.apache.catalina.LifecycleException: Falló la inicialización del manejador de protocolo
		at org.apache.catalina.connector.Connector.initInternal(Connector.java:1011)
		at org.apache.catalina.util.LifecycleBase.init(LifecycleBase.java:127)
		at org.apache.catalina.core.StandardService.initInternal(StandardService.java:554)
		at org.apache.catalina.util.LifecycleBase.init(LifecycleBase.java:127)
		at org.apache.catalina.core.StandardServer.initInternal(StandardServer.java:1046)
		at org.apache.catalina.util.LifecycleBase.init(LifecycleBase.java:127)
		at org.apache.catalina.startup.Catalina.load(Catalina.java:686)
		at org.apache.catalina.startup.Catalina.load(Catalina.java:709)
		at java.base/jdk.internal.reflect.DirectMethodHandleAccessor.invoke(DirectMethodHandleAccessor.java:104)
		at java.base/java.lang.reflect.Method.invoke(Method.java:578)
		at org.apache.catalina.startup.Bootstrap.load(Bootstrap.java:302)
		at org.apache.catalina.startup.Bootstrap.main(Bootstrap.java:472)
	Caused by: java.net.BindException: Address already in use: bind
		at java.base/sun.nio.ch.Net.bind0(Native Method)
		at java.base/sun.nio.ch.Net.bind(Net.java:556)
		at java.base/sun.nio.ch.ServerSocketChannelImpl.netBind(ServerSocketChannelImpl.java:344)
		at java.base/sun.nio.ch.ServerSocketChannelImpl.bind(ServerSocketChannelImpl.java:301)
		at org.apache.tomcat.util.net.NioEndpoint.initServerSocket(NioEndpoint.java:268)
		at org.apache.tomcat.util.net.NioEndpoint.bind(NioEndpoint.java:223)
		at org.apache.tomcat.util.net.AbstractEndpoint.bindWithCleanup(AbstractEndpoint.java:1334)
		at org.apache.tomcat.util.net.AbstractEndpoint.init(AbstractEndpoint.java:1347)
		at org.apache.coyote.AbstractProtocol.init(AbstractProtocol.java:654)
		at org.apache.coyote.http11.AbstractHttp11Protocol.init(AbstractHttp11Protocol.java:75)
		at org.apache.catalina.connector.Connector.initInternal(Connector.java:1009)
		... 11 more
17-May-2024 12:25:02.962 INFO [main] org.apache.catalina.startup.Catalina.load Server initialization in [362] milliseconds
17-May-2024 12:25:03.001 INFO [main] org.apache.catalina.core.StandardService.startInternal Arrancando servicio [Catalina]
17-May-2024 12:25:03.002 INFO [main] org.apache.catalina.core.StandardEngine.startInternal Starting Servlet engine: [Apache Tomcat/9.0.87]
17-May-2024 12:25:03.008 INFO [main] org.apache.catalina.startup.HostConfig.deployDirectory Desplegando el directorio [C:\Users\bslan\Documents\Projects\bmbgarage\bmbgarage\apache-tomcat-9.0.87\webapps\bermecar-pictures] de la aplicación web
17-May-2024 12:25:03.233 INFO [main] org.apache.catalina.startup.HostConfig.deployDirectory Deployment of web application directory [C:\Users\bslan\Documents\Projects\bmbgarage\bmbgarage\apache-tomcat-9.0.87\webapps\bermecar-pictures] has finished in [223] ms
17-May-2024 12:25:03.234 INFO [main] org.apache.catalina.startup.HostConfig.deployDirectory Desplegando el directorio [C:\Users\bslan\Documents\Projects\bmbgarage\bmbgarage\apache-tomcat-9.0.87\webapps\docs] de la aplicación web
17-May-2024 12:25:03.268 INFO [main] org.apache.catalina.startup.HostConfig.deployDirectory Deployment of web application directory [C:\Users\bslan\Documents\Projects\bmbgarage\bmbgarage\apache-tomcat-9.0.87\webapps\docs] has finished in [34] ms
17-May-2024 12:25:03.268 INFO [main] org.apache.catalina.startup.HostConfig.deployDirectory Desplegando el directorio [C:\Users\bslan\Documents\Projects\bmbgarage\bmbgarage\apache-tomcat-9.0.87\webapps\examples] de la aplicación web
17-May-2024 12:25:03.584 INFO [main] org.apache.catalina.startup.HostConfig.deployDirectory Deployment of web application directory [C:\Users\bslan\Documents\Projects\bmbgarage\bmbgarage\apache-tomcat-9.0.87\webapps\examples] has finished in [316] ms
17-May-2024 12:25:03.584 INFO [main] org.apache.catalina.startup.HostConfig.deployDirectory Desplegando el directorio [C:\Users\bslan\Documents\Projects\bmbgarage\bmbgarage\apache-tomcat-9.0.87\webapps\host-manager] de la aplicación web
17-May-2024 12:25:03.610 INFO [main] org.apache.catalina.startup.HostConfig.deployDirectory Deployment of web application directory [C:\Users\bslan\Documents\Projects\bmbgarage\bmbgarage\apache-tomcat-9.0.87\webapps\host-manager] has finished in [26] ms
17-May-2024 12:25:03.611 INFO [main] org.apache.catalina.startup.HostConfig.deployDirectory Desplegando el directorio [C:\Users\bslan\Documents\Projects\bmbgarage\bmbgarage\apache-tomcat-9.0.87\webapps\manager] de la aplicación web
17-May-2024 12:25:03.636 INFO [main] org.apache.catalina.startup.HostConfig.deployDirectory Deployment of web application directory [C:\Users\bslan\Documents\Projects\bmbgarage\bmbgarage\apache-tomcat-9.0.87\webapps\manager] has finished in [26] ms
17-May-2024 12:25:03.636 INFO [main] org.apache.catalina.startup.HostConfig.deployDirectory Desplegando el directorio [C:\Users\bslan\Documents\Projects\bmbgarage\bmbgarage\apache-tomcat-9.0.87\webapps\ROOT] de la aplicación web
17-May-2024 12:25:03.655 INFO [main] org.apache.catalina.startup.HostConfig.deployDirectory Deployment of web application directory [C:\Users\bslan\Documents\Projects\bmbgarage\bmbgarage\apache-tomcat-9.0.87\webapps\ROOT] has finished in [19] ms
17-May-2024 12:25:03.658 INFO [main] org.apache.catalina.startup.Catalina.start Server startup in [695] milliseconds
17-May-2024 12:25:03.663 SEVERE [main] org.apache.catalina.core.StandardServer.await Failed to create server shutdown socket on address [localhost] and port [8005] (base port [8005] and offset [0])
	java.net.BindException: Address already in use: bind
		at java.base/sun.nio.ch.Net.bind0(Native Method)
		at java.base/sun.nio.ch.Net.bind(Net.java:556)
		at java.base/sun.nio.ch.Net.bind(Net.java:545)
		at java.base/sun.nio.ch.NioSocketImpl.bind(NioSocketImpl.java:634)
		at java.base/java.net.ServerSocket.bind(ServerSocket.java:393)
		at java.base/java.net.ServerSocket.<init>(ServerSocket.java:275)
		at org.apache.catalina.core.StandardServer.await(StandardServer.java:581)
		at org.apache.catalina.startup.Catalina.await(Catalina.java:825)
		at org.apache.catalina.startup.Catalina.start(Catalina.java:773)
		at java.base/jdk.internal.reflect.DirectMethodHandleAccessor.invoke(DirectMethodHandleAccessor.java:104)
		at java.base/java.lang.reflect.Method.invoke(Method.java:578)
		at org.apache.catalina.startup.Bootstrap.start(Bootstrap.java:345)
		at org.apache.catalina.startup.Bootstrap.main(Bootstrap.java:473)
17-May-2024 12:25:03.664 INFO [main] org.apache.coyote.AbstractProtocol.pause Pausing ProtocolHandler ["http-nio-8082"]
17-May-2024 12:25:03.664 INFO [main] org.apache.catalina.core.StandardService.stopInternal Parando servicio [Catalina]
17-May-2024 12:25:03.680 INFO [main] org.apache.coyote.AbstractProtocol.stop Stopping ProtocolHandler ["http-nio-8082"]
17-May-2024 12:25:03.683 INFO [main] org.apache.coyote.AbstractProtocol.destroy Destroying ProtocolHandler ["http-nio-8082"]
17-May-2024 12:47:46.715 INFO [main] org.apache.catalina.startup.VersionLoggerListener.log Nombre de la versión del servidor: Apache Tomcat/9.0.87
17-May-2024 12:47:46.718 INFO [main] org.apache.catalina.startup.VersionLoggerListener.log Server built:                      Mar 11 2024 10:12:34 UTC
17-May-2024 12:47:46.718 INFO [main] org.apache.catalina.startup.VersionLoggerListener.log Número de versión de servidor:     9.0.87.0
17-May-2024 12:47:46.718 INFO [main] org.apache.catalina.startup.VersionLoggerListener.log OS Name:                           Windows 11
17-May-2024 12:47:46.718 INFO [main] org.apache.catalina.startup.VersionLoggerListener.log Versión de Systema Operativo:      10.0
17-May-2024 12:47:46.718 INFO [main] org.apache.catalina.startup.VersionLoggerListener.log Arquitectura:                      amd64
17-May-2024 12:47:46.719 INFO [main] org.apache.catalina.startup.VersionLoggerListener.log Java Home:                         C:\Program Files\Java\jdk-20
17-May-2024 12:47:46.719 INFO [main] org.apache.catalina.startup.VersionLoggerListener.log JVM Version:                       20.0.2+9-78
17-May-2024 12:47:46.719 INFO [main] org.apache.catalina.startup.VersionLoggerListener.log Vededor JVM:                       Oracle Corporation
17-May-2024 12:47:46.719 INFO [main] org.apache.catalina.startup.VersionLoggerListener.log CATALINA_BASE:                     C:\Users\bslan\Documents\Projects\bmbgarage\bmbgarage\apache-tomcat-9.0.87
17-May-2024 12:47:46.719 INFO [main] org.apache.catalina.startup.VersionLoggerListener.log CATALINA_HOME:                     C:\Users\bslan\Documents\Projects\bmbgarage\bmbgarage\apache-tomcat-9.0.87
17-May-2024 12:47:46.726 INFO [main] org.apache.catalina.startup.VersionLoggerListener.log Command line argument:             --add-opens=java.base/java.lang=ALL-UNNAMED
17-May-2024 12:47:46.726 INFO [main] org.apache.catalina.startup.VersionLoggerListener.log Command line argument:             --add-opens=java.base/java.io=ALL-UNNAMED
17-May-2024 12:47:46.726 INFO [main] org.apache.catalina.startup.VersionLoggerListener.log Command line argument:             --add-opens=java.base/java.util=ALL-UNNAMED
17-May-2024 12:47:46.727 INFO [main] org.apache.catalina.startup.VersionLoggerListener.log Command line argument:             --add-opens=java.base/java.util.concurrent=ALL-UNNAMED
17-May-2024 12:47:46.727 INFO [main] org.apache.catalina.startup.VersionLoggerListener.log Command line argument:             --add-opens=java.rmi/sun.rmi.transport=ALL-UNNAMED
17-May-2024 12:47:46.728 INFO [main] org.apache.catalina.startup.VersionLoggerListener.log Command line argument:             -Djava.util.logging.config.file=C:\Users\bslan\Documents\Projects\bmbgarage\bmbgarage\apache-tomcat-9.0.87\conf\logging.properties
17-May-2024 12:47:46.728 INFO [main] org.apache.catalina.startup.VersionLoggerListener.log Command line argument:             -Djava.util.logging.manager=org.apache.juli.ClassLoaderLogManager
17-May-2024 12:47:46.728 INFO [main] org.apache.catalina.startup.VersionLoggerListener.log Command line argument:             -Djdk.tls.ephemeralDHKeySize=2048
17-May-2024 12:47:46.729 INFO [main] org.apache.catalina.startup.VersionLoggerListener.log Command line argument:             -Djava.protocol.handler.pkgs=org.apache.catalina.webresources
17-May-2024 12:47:46.729 INFO [main] org.apache.catalina.startup.VersionLoggerListener.log Command line argument:             -Dignore.endorsed.dirs=
17-May-2024 12:47:46.729 INFO [main] org.apache.catalina.startup.VersionLoggerListener.log Command line argument:             -Dcatalina.base=C:\Users\bslan\Documents\Projects\bmbgarage\bmbgarage\apache-tomcat-9.0.87
17-May-2024 12:47:46.729 INFO [main] org.apache.catalina.startup.VersionLoggerListener.log Command line argument:             -Dcatalina.home=C:\Users\bslan\Documents\Projects\bmbgarage\bmbgarage\apache-tomcat-9.0.87
17-May-2024 12:47:46.729 INFO [main] org.apache.catalina.startup.VersionLoggerListener.log Command line argument:             -Djava.io.tmpdir=C:\Users\bslan\Documents\Projects\bmbgarage\bmbgarage\apache-tomcat-9.0.87\temp
17-May-2024 12:47:46.732 INFO [main] org.apache.catalina.core.AprLifecycleListener.lifecycleEvent Cargada la biblioteca nativa APR de Apache Tomcat [1.3.0] con la versión APR [1.7.4].
17-May-2024 12:47:46.732 INFO [main] org.apache.catalina.core.AprLifecycleListener.lifecycleEvent Capacidades APR: IPv6 [true], enviar fichero [true], aceptar filtros [false], aleatorio [true], UDS [true].
17-May-2024 12:47:46.732 INFO [main] org.apache.catalina.core.AprLifecycleListener.lifecycleEvent APR/OpenSSL configuration: useAprConnector [false], useOpenSSL [true]
17-May-2024 12:47:46.736 INFO [main] org.apache.catalina.core.AprLifecycleListener.initializeSSL OpenSSL inicializado correctamente [OpenSSL 3.0.13 30 Jan 2024]
17-May-2024 12:47:46.925 INFO [main] org.apache.coyote.AbstractProtocol.init Inicializando el manejador de protocolo ["http-nio-8084"]

17-May-2024 12:47:46.941 INFO [main] org.apache.catalina.startup.Catalina.load Server initialization in [366] milliseconds
17-May-2024 12:47:46.973 INFO [main] org.apache.catalina.core.StandardService.startInternal Arrancando servicio [Catalina]
17-May-2024 12:47:46.973 INFO [main] org.apache.catalina.core.StandardEngine.startInternal Starting Servlet engine: [Apache Tomcat/9.0.87]
17-May-2024 12:47:46.978 INFO [main] org.apache.catalina.startup.HostConfig.deployDirectory Desplegando el directorio [C:\Users\bslan\Documents\Projects\bmbgarage\bmbgarage\apache-tomcat-9.0.87\webapps\bermecar-pictures] de la aplicación web
17-May-2024 12:47:47.199 INFO [main] org.apache.catalina.startup.HostConfig.deployDirectory Deployment of web application directory [C:\Users\bslan\Documents\Projects\bmbgarage\bmbgarage\apache-tomcat-9.0.87\webapps\bermecar-pictures] has finished in [219] ms
17-May-2024 12:47:47.199 INFO [main] org.apache.catalina.startup.HostConfig.deployDirectory Desplegando el directorio [C:\Users\bslan\Documents\Projects\bmbgarage\bmbgarage\apache-tomcat-9.0.87\webapps\docs] de la aplicación web
17-May-2024 12:47:47.228 INFO [main] org.apache.catalina.startup.HostConfig.deployDirectory Deployment of web application directory [C:\Users\bslan\Documents\Projects\bmbgarage\bmbgarage\apache-tomcat-9.0.87\webapps\docs] has finished in [29] ms
17-May-2024 12:47:47.228 INFO [main] org.apache.catalina.startup.HostConfig.deployDirectory Desplegando el directorio [C:\Users\bslan\Documents\Projects\bmbgarage\bmbgarage\apache-tomcat-9.0.87\webapps\examples] de la aplicación web
17-May-2024 12:47:47.539 INFO [main] org.apache.catalina.startup.HostConfig.deployDirectory Deployment of web application directory [C:\Users\bslan\Documents\Projects\bmbgarage\bmbgarage\apache-tomcat-9.0.87\webapps\examples] has finished in [311] ms
17-May-2024 12:47:47.540 INFO [main] org.apache.catalina.startup.HostConfig.deployDirectory Desplegando el directorio [C:\Users\bslan\Documents\Projects\bmbgarage\bmbgarage\apache-tomcat-9.0.87\webapps\host-manager] de la aplicación web
17-May-2024 12:47:47.567 INFO [main] org.apache.catalina.startup.HostConfig.deployDirectory Deployment of web application directory [C:\Users\bslan\Documents\Projects\bmbgarage\bmbgarage\apache-tomcat-9.0.87\webapps\host-manager] has finished in [27] ms
17-May-2024 12:47:47.567 INFO [main] org.apache.catalina.startup.HostConfig.deployDirectory Desplegando el directorio [C:\Users\bslan\Documents\Projects\bmbgarage\bmbgarage\apache-tomcat-9.0.87\webapps\manager] de la aplicación web
17-May-2024 12:47:47.591 INFO [main] org.apache.catalina.startup.HostConfig.deployDirectory Deployment of web application directory [C:\Users\bslan\Documents\Projects\bmbgarage\bmbgarage\apache-tomcat-9.0.87\webapps\manager] has finished in [24] ms
17-May-2024 12:47:47.592 INFO [main] org.apache.catalina.startup.HostConfig.deployDirectory Desplegando el directorio [C:\Users\bslan\Documents\Projects\bmbgarage\bmbgarage\apache-tomcat-9.0.87\webapps\ROOT] de la aplicación web
17-May-2024 12:47:47.609 INFO [main] org.apache.catalina.startup.HostConfig.deployDirectory Deployment of web application directory [C:\Users\bslan\Documents\Projects\bmbgarage\bmbgarage\apache-tomcat-9.0.87\webapps\ROOT] has finished in [17] ms
17-May-2024 12:47:47.613 INFO [main] org.apache.coyote.AbstractProtocol.start Starting ProtocolHandler ["http-nio-8084"]
17-May-2024 12:47:47.645 INFO [main] org.apache.catalina.startup.Catalina.start Server startup in [703] milliseconds
