17-May-2024 12:15:27.297 INFO [main] org.apache.catalina.core.ApplicationContext.log ContextListener: contextInitialized()
17-May-2024 12:15:27.297 INFO [main] org.apache.catalina.core.ApplicationContext.log SessionListener: contextInitialized()
17-May-2024 12:15:27.300 INFO [main] org.apache.catalina.core.ApplicationContext.log ContextListener: attributeAdded('StockTicker', 'async.Stockticker@2a2da905')
17-May-2024 12:21:13.211 INFO [main] org.apache.catalina.core.ApplicationContext.log ContextListener: contextInitialized()
17-May-2024 12:21:13.211 INFO [main] org.apache.catalina.core.ApplicationContext.log SessionListener: contextInitialized()
17-May-2024 12:21:13.213 INFO [main] org.apache.catalina.core.ApplicationContext.log ContextListener: attributeAdded('StockTicker', 'async.Stockticker@517bd097')
17-May-2024 12:21:41.835 INFO [main] org.apache.catalina.core.ApplicationContext.log ContextListener: contextInitialized()
17-May-2024 12:21:41.835 INFO [main] org.apache.catalina.core.ApplicationContext.log SessionListener: contextInitialized()
17-May-2024 12:21:41.836 INFO [main] org.apache.catalina.core.ApplicationContext.log ContextListener: attributeAdded('StockTicker', 'async.Stockticker@11acdc30')
17-May-2024 12:21:41.951 INFO [main] org.apache.catalina.core.ApplicationContext.log SessionListener: contextDestroyed()
17-May-2024 12:21:41.951 INFO [main] org.apache.catalina.core.ApplicationContext.log ContextListener: contextDestroyed()
17-May-2024 12:24:03.859 INFO [main] org.apache.catalina.core.ApplicationContext.log ContextListener: contextInitialized()
17-May-2024 12:24:03.859 INFO [main] org.apache.catalina.core.ApplicationContext.log SessionListener: contextInitialized()
17-May-2024 12:24:03.862 INFO [main] org.apache.catalina.core.ApplicationContext.log ContextListener: attributeAdded('StockTicker', 'async.Stockticker@76a82f33')
17-May-2024 12:24:03.996 INFO [main] org.apache.catalina.core.ApplicationContext.log SessionListener: contextDestroyed()
17-May-2024 12:24:03.996 INFO [main] org.apache.catalina.core.ApplicationContext.log ContextListener: contextDestroyed()
17-May-2024 12:25:03.567 INFO [main] org.apache.catalina.core.ApplicationContext.log ContextListener: contextInitialized()
17-May-2024 12:25:03.567 INFO [main] org.apache.catalina.core.ApplicationContext.log SessionListener: contextInitialized()
17-May-2024 12:25:03.571 INFO [main] org.apache.catalina.core.ApplicationContext.log ContextListener: attributeAdded('StockTicker', 'async.Stockticker@1922e6d')
17-May-2024 12:25:03.673 INFO [main] org.apache.catalina.core.ApplicationContext.log SessionListener: contextDestroyed()
17-May-2024 12:25:03.673 INFO [main] org.apache.catalina.core.ApplicationContext.log ContextListener: contextDestroyed()
17-May-2024 12:47:47.525 INFO [main] org.apache.catalina.core.ApplicationContext.log ContextListener: contextInitialized()
17-May-2024 12:47:47.525 INFO [main] org.apache.catalina.core.ApplicationContext.log SessionListener: contextInitialized()
17-May-2024 12:47:47.527 INFO [main] org.apache.catalina.core.ApplicationContext.log ContextListener: attributeAdded('StockTicker', 'async.Stockticker@56e07a08')
