17-May-2024 17:05:33.881 INFO [main] org.apache.catalina.startup.VersionLoggerListener.log Nombre de la versión del servidor: Apache Tomcat/9.0.89
17-May-2024 17:05:33.886 INFO [main] org.apache.catalina.startup.VersionLoggerListener.log Server built:                      May 3 2024 20:22:11 UTC
17-May-2024 17:05:33.886 INFO [main] org.apache.catalina.startup.VersionLoggerListener.log Número de versión de servidor:     9.0.89.0
17-May-2024 17:05:33.886 INFO [main] org.apache.catalina.startup.VersionLoggerListener.log OS Name:                           Windows 11
17-May-2024 17:05:33.886 INFO [main] org.apache.catalina.startup.VersionLoggerListener.log Versión de Systema Operativo:      10.0
17-May-2024 17:05:33.886 INFO [main] org.apache.catalina.startup.VersionLoggerListener.log Arquitectura:                      amd64
17-May-2024 17:05:33.886 INFO [main] org.apache.catalina.startup.VersionLoggerListener.log Java Home:                         C:\Program Files\Java\jdk-20
17-May-2024 17:05:33.889 INFO [main] org.apache.catalina.startup.VersionLoggerListener.log JVM Version:                       20.0.2+9-78
17-May-2024 17:05:33.890 INFO [main] org.apache.catalina.startup.VersionLoggerListener.log Vededor JVM:                       Oracle Corporation
17-May-2024 17:05:33.891 INFO [main] org.apache.catalina.startup.VersionLoggerListener.log CATALINA_BASE:                     C:\Users\bslan\Documents\Projects\bmbgarage\bmbgarage\apache-tomcat-9.0.89
17-May-2024 17:05:33.892 INFO [main] org.apache.catalina.startup.VersionLoggerListener.log CATALINA_HOME:                     C:\Users\bslan\Documents\Projects\bmbgarage\bmbgarage\apache-tomcat-9.0.89
17-May-2024 17:05:33.901 INFO [main] org.apache.catalina.startup.VersionLoggerListener.log Command line argument:             --add-opens=java.base/java.lang=ALL-UNNAMED
17-May-2024 17:05:33.901 INFO [main] org.apache.catalina.startup.VersionLoggerListener.log Command line argument:             --add-opens=java.base/java.io=ALL-UNNAMED
17-May-2024 17:05:33.901 INFO [main] org.apache.catalina.startup.VersionLoggerListener.log Command line argument:             --add-opens=java.base/java.util=ALL-UNNAMED
17-May-2024 17:05:33.902 INFO [main] org.apache.catalina.startup.VersionLoggerListener.log Command line argument:             --add-opens=java.base/java.util.concurrent=ALL-UNNAMED
17-May-2024 17:05:33.902 INFO [main] org.apache.catalina.startup.VersionLoggerListener.log Command line argument:             --add-opens=java.rmi/sun.rmi.transport=ALL-UNNAMED
17-May-2024 17:05:33.903 INFO [main] org.apache.catalina.startup.VersionLoggerListener.log Command line argument:             -Djava.util.logging.config.file=C:\Users\bslan\Documents\Projects\bmbgarage\bmbgarage\apache-tomcat-9.0.89\conf\logging.properties
17-May-2024 17:05:33.903 INFO [main] org.apache.catalina.startup.VersionLoggerListener.log Command line argument:             -Djava.util.logging.manager=org.apache.juli.ClassLoaderLogManager
17-May-2024 17:05:33.903 INFO [main] org.apache.catalina.startup.VersionLoggerListener.log Command line argument:             -Djdk.tls.ephemeralDHKeySize=2048
17-May-2024 17:05:33.903 INFO [main] org.apache.catalina.startup.VersionLoggerListener.log Command line argument:             -Djava.protocol.handler.pkgs=org.apache.catalina.webresources
17-May-2024 17:05:33.904 INFO [main] org.apache.catalina.startup.VersionLoggerListener.log Command line argument:             -Dignore.endorsed.dirs=
17-May-2024 17:05:33.904 INFO [main] org.apache.catalina.startup.VersionLoggerListener.log Command line argument:             -Dcatalina.base=C:\Users\bslan\Documents\Projects\bmbgarage\bmbgarage\apache-tomcat-9.0.89
17-May-2024 17:05:33.904 INFO [main] org.apache.catalina.startup.VersionLoggerListener.log Command line argument:             -Dcatalina.home=C:\Users\bslan\Documents\Projects\bmbgarage\bmbgarage\apache-tomcat-9.0.89
17-May-2024 17:05:33.904 INFO [main] org.apache.catalina.startup.VersionLoggerListener.log Command line argument:             -Djava.io.tmpdir=C:\Users\bslan\Documents\Projects\bmbgarage\bmbgarage\apache-tomcat-9.0.89\temp
17-May-2024 17:05:33.985 INFO [main] org.apache.catalina.core.AprLifecycleListener.lifecycleEvent Cargada la biblioteca nativa APR de Apache Tomcat [1.3.0] con la versión APR [1.7.4].
17-May-2024 17:05:33.985 INFO [main] org.apache.catalina.core.AprLifecycleListener.lifecycleEvent Capacidades APR: IPv6 [true], enviar fichero [true], aceptar filtros [false], aleatorio [true], UDS [true].
17-May-2024 17:05:33.985 INFO [main] org.apache.catalina.core.AprLifecycleListener.lifecycleEvent APR/OpenSSL configuration: useAprConnector [false], useOpenSSL [true]
17-May-2024 17:05:33.989 INFO [main] org.apache.catalina.core.AprLifecycleListener.initializeSSL OpenSSL inicializado correctamente [OpenSSL 3.0.13 30 Jan 2024]
17-May-2024 17:05:34.194 INFO [main] org.apache.coyote.AbstractProtocol.init Inicializando el manejador de protocolo ["http-nio-8084"]

17-May-2024 17:05:34.217 INFO [main] org.apache.catalina.startup.Catalina.load Server initialization in [480] milliseconds
17-May-2024 17:05:34.259 INFO [main] org.apache.catalina.core.StandardService.startInternal Arrancando servicio [Catalina]
17-May-2024 17:05:34.260 INFO [main] org.apache.catalina.core.StandardEngine.startInternal Starting Servlet engine: [Apache Tomcat/9.0.89]
17-May-2024 17:05:34.265 INFO [main] org.apache.catalina.startup.HostConfig.deployDirectory Desplegando el directorio [C:\Users\bslan\Documents\Projects\bmbgarage\bmbgarage\apache-tomcat-9.0.89\webapps\docs] de la aplicación web
17-May-2024 17:05:34.496 INFO [main] org.apache.catalina.startup.HostConfig.deployDirectory Deployment of web application directory [C:\Users\bslan\Documents\Projects\bmbgarage\bmbgarage\apache-tomcat-9.0.89\webapps\docs] has finished in [229] ms
17-May-2024 17:05:34.496 INFO [main] org.apache.catalina.startup.HostConfig.deployDirectory Desplegando el directorio [C:\Users\bslan\Documents\Projects\bmbgarage\bmbgarage\apache-tomcat-9.0.89\webapps\examples] de la aplicación web
17-May-2024 17:05:34.802 INFO [main] org.apache.catalina.startup.HostConfig.deployDirectory Deployment of web application directory [C:\Users\bslan\Documents\Projects\bmbgarage\bmbgarage\apache-tomcat-9.0.89\webapps\examples] has finished in [306] ms
17-May-2024 17:05:34.803 INFO [main] org.apache.catalina.startup.HostConfig.deployDirectory Desplegando el directorio [C:\Users\bslan\Documents\Projects\bmbgarage\bmbgarage\apache-tomcat-9.0.89\webapps\host-manager] de la aplicación web
17-May-2024 17:05:34.834 INFO [main] org.apache.catalina.startup.HostConfig.deployDirectory Deployment of web application directory [C:\Users\bslan\Documents\Projects\bmbgarage\bmbgarage\apache-tomcat-9.0.89\webapps\host-manager] has finished in [32] ms
17-May-2024 17:05:34.835 INFO [main] org.apache.catalina.startup.HostConfig.deployDirectory Desplegando el directorio [C:\Users\bslan\Documents\Projects\bmbgarage\bmbgarage\apache-tomcat-9.0.89\webapps\manager] de la aplicación web
17-May-2024 17:05:34.861 INFO [main] org.apache.catalina.startup.HostConfig.deployDirectory Deployment of web application directory [C:\Users\bslan\Documents\Projects\bmbgarage\bmbgarage\apache-tomcat-9.0.89\webapps\manager] has finished in [26] ms
17-May-2024 17:05:34.861 INFO [main] org.apache.catalina.startup.HostConfig.deployDirectory Desplegando el directorio [C:\Users\bslan\Documents\Projects\bmbgarage\bmbgarage\apache-tomcat-9.0.89\webapps\ROOT] de la aplicación web
17-May-2024 17:05:34.880 INFO [main] org.apache.catalina.startup.HostConfig.deployDirectory Deployment of web application directory [C:\Users\bslan\Documents\Projects\bmbgarage\bmbgarage\apache-tomcat-9.0.89\webapps\ROOT] has finished in [19] ms
17-May-2024 17:05:34.883 INFO [main] org.apache.coyote.AbstractProtocol.start Starting ProtocolHandler ["http-nio-8084"]
17-May-2024 17:05:34.920 INFO [main] org.apache.catalina.startup.Catalina.start Server startup in [701] milliseconds
17-May-2024 17:13:57.273 INFO [main] org.apache.catalina.startup.VersionLoggerListener.log Nombre de la versión del servidor: Apache Tomcat/9.0.89
17-May-2024 17:13:57.276 INFO [main] org.apache.catalina.startup.VersionLoggerListener.log Server built:                      May 3 2024 20:22:11 UTC
17-May-2024 17:13:57.276 INFO [main] org.apache.catalina.startup.VersionLoggerListener.log Número de versión de servidor:     9.0.89.0
17-May-2024 17:13:57.276 INFO [main] org.apache.catalina.startup.VersionLoggerListener.log OS Name:                           Windows 11
17-May-2024 17:13:57.277 INFO [main] org.apache.catalina.startup.VersionLoggerListener.log Versión de Systema Operativo:      10.0
17-May-2024 17:13:57.277 INFO [main] org.apache.catalina.startup.VersionLoggerListener.log Arquitectura:                      amd64
17-May-2024 17:13:57.277 INFO [main] org.apache.catalina.startup.VersionLoggerListener.log Java Home:                         C:\Program Files\Java\jdk-20
17-May-2024 17:13:57.277 INFO [main] org.apache.catalina.startup.VersionLoggerListener.log JVM Version:                       20.0.2+9-78
17-May-2024 17:13:57.278 INFO [main] org.apache.catalina.startup.VersionLoggerListener.log Vededor JVM:                       Oracle Corporation
17-May-2024 17:13:57.278 INFO [main] org.apache.catalina.startup.VersionLoggerListener.log CATALINA_BASE:                     C:\Users\bslan\Documents\Projects\bmbgarage\bmbgarage\apache-tomcat-9.0.89
17-May-2024 17:13:57.278 INFO [main] org.apache.catalina.startup.VersionLoggerListener.log CATALINA_HOME:                     C:\Users\bslan\Documents\Projects\bmbgarage\bmbgarage\apache-tomcat-9.0.89
17-May-2024 17:13:57.290 INFO [main] org.apache.catalina.startup.VersionLoggerListener.log Command line argument:             --add-opens=java.base/java.lang=ALL-UNNAMED
17-May-2024 17:13:57.291 INFO [main] org.apache.catalina.startup.VersionLoggerListener.log Command line argument:             --add-opens=java.base/java.io=ALL-UNNAMED
17-May-2024 17:13:57.291 INFO [main] org.apache.catalina.startup.VersionLoggerListener.log Command line argument:             --add-opens=java.base/java.util=ALL-UNNAMED
17-May-2024 17:13:57.291 INFO [main] org.apache.catalina.startup.VersionLoggerListener.log Command line argument:             --add-opens=java.base/java.util.concurrent=ALL-UNNAMED
17-May-2024 17:13:57.291 INFO [main] org.apache.catalina.startup.VersionLoggerListener.log Command line argument:             --add-opens=java.rmi/sun.rmi.transport=ALL-UNNAMED
17-May-2024 17:13:57.291 INFO [main] org.apache.catalina.startup.VersionLoggerListener.log Command line argument:             -Djava.util.logging.config.file=C:\Users\bslan\Documents\Projects\bmbgarage\bmbgarage\apache-tomcat-9.0.89\conf\logging.properties
17-May-2024 17:13:57.292 INFO [main] org.apache.catalina.startup.VersionLoggerListener.log Command line argument:             -Djava.util.logging.manager=org.apache.juli.ClassLoaderLogManager
17-May-2024 17:13:57.292 INFO [main] org.apache.catalina.startup.VersionLoggerListener.log Command line argument:             -Djdk.tls.ephemeralDHKeySize=2048
17-May-2024 17:13:57.292 INFO [main] org.apache.catalina.startup.VersionLoggerListener.log Command line argument:             -Djava.protocol.handler.pkgs=org.apache.catalina.webresources
17-May-2024 17:13:57.292 INFO [main] org.apache.catalina.startup.VersionLoggerListener.log Command line argument:             -Dignore.endorsed.dirs=
17-May-2024 17:13:57.293 INFO [main] org.apache.catalina.startup.VersionLoggerListener.log Command line argument:             -Dcatalina.base=C:\Users\bslan\Documents\Projects\bmbgarage\bmbgarage\apache-tomcat-9.0.89
17-May-2024 17:13:57.293 INFO [main] org.apache.catalina.startup.VersionLoggerListener.log Command line argument:             -Dcatalina.home=C:\Users\bslan\Documents\Projects\bmbgarage\bmbgarage\apache-tomcat-9.0.89
17-May-2024 17:13:57.293 INFO [main] org.apache.catalina.startup.VersionLoggerListener.log Command line argument:             -Djava.io.tmpdir=C:\Users\bslan\Documents\Projects\bmbgarage\bmbgarage\apache-tomcat-9.0.89\temp
17-May-2024 17:13:57.298 INFO [main] org.apache.catalina.core.AprLifecycleListener.lifecycleEvent Cargada la biblioteca nativa APR de Apache Tomcat [1.3.0] con la versión APR [1.7.4].
17-May-2024 17:13:57.298 INFO [main] org.apache.catalina.core.AprLifecycleListener.lifecycleEvent Capacidades APR: IPv6 [true], enviar fichero [true], aceptar filtros [false], aleatorio [true], UDS [true].
17-May-2024 17:13:57.299 INFO [main] org.apache.catalina.core.AprLifecycleListener.lifecycleEvent APR/OpenSSL configuration: useAprConnector [false], useOpenSSL [true]
17-May-2024 17:13:57.312 INFO [main] org.apache.catalina.core.AprLifecycleListener.initializeSSL OpenSSL inicializado correctamente [OpenSSL 3.0.13 30 Jan 2024]
17-May-2024 17:13:57.543 INFO [main] org.apache.coyote.AbstractProtocol.init Inicializando el manejador de protocolo ["http-nio-8084"]

17-May-2024 17:13:57.563 INFO [main] org.apache.catalina.startup.Catalina.load Server initialization in [501] milliseconds
17-May-2024 17:13:57.620 INFO [main] org.apache.catalina.core.StandardService.startInternal Arrancando servicio [Catalina]
17-May-2024 17:13:57.620 INFO [main] org.apache.catalina.core.StandardEngine.startInternal Starting Servlet engine: [Apache Tomcat/9.0.89]
17-May-2024 17:13:57.627 INFO [main] org.apache.catalina.startup.HostConfig.deployDirectory Desplegando el directorio [C:\Users\bslan\Documents\Projects\bmbgarage\bmbgarage\apache-tomcat-9.0.89\webapps\docs] de la aplicación web
17-May-2024 17:13:57.891 INFO [main] org.apache.catalina.startup.HostConfig.deployDirectory Deployment of web application directory [C:\Users\bslan\Documents\Projects\bmbgarage\bmbgarage\apache-tomcat-9.0.89\webapps\docs] has finished in [261] ms
17-May-2024 17:13:57.891 INFO [main] org.apache.catalina.startup.HostConfig.deployDirectory Desplegando el directorio [C:\Users\bslan\Documents\Projects\bmbgarage\bmbgarage\apache-tomcat-9.0.89\webapps\examples] de la aplicación web
17-May-2024 17:13:58.204 INFO [main] org.apache.catalina.startup.HostConfig.deployDirectory Deployment of web application directory [C:\Users\bslan\Documents\Projects\bmbgarage\bmbgarage\apache-tomcat-9.0.89\webapps\examples] has finished in [313] ms
17-May-2024 17:13:58.205 INFO [main] org.apache.catalina.startup.HostConfig.deployDirectory Desplegando el directorio [C:\Users\bslan\Documents\Projects\bmbgarage\bmbgarage\apache-tomcat-9.0.89\webapps\host-manager] de la aplicación web
17-May-2024 17:13:58.232 INFO [main] org.apache.catalina.startup.HostConfig.deployDirectory Deployment of web application directory [C:\Users\bslan\Documents\Projects\bmbgarage\bmbgarage\apache-tomcat-9.0.89\webapps\host-manager] has finished in [27] ms
17-May-2024 17:13:58.232 INFO [main] org.apache.catalina.startup.HostConfig.deployDirectory Desplegando el directorio [C:\Users\bslan\Documents\Projects\bmbgarage\bmbgarage\apache-tomcat-9.0.89\webapps\manager] de la aplicación web
17-May-2024 17:13:58.257 INFO [main] org.apache.catalina.startup.HostConfig.deployDirectory Deployment of web application directory [C:\Users\bslan\Documents\Projects\bmbgarage\bmbgarage\apache-tomcat-9.0.89\webapps\manager] has finished in [25] ms
17-May-2024 17:13:58.258 INFO [main] org.apache.catalina.startup.HostConfig.deployDirectory Desplegando el directorio [C:\Users\bslan\Documents\Projects\bmbgarage\bmbgarage\apache-tomcat-9.0.89\webapps\ROOT] de la aplicación web
17-May-2024 17:13:58.277 INFO [main] org.apache.catalina.startup.HostConfig.deployDirectory Deployment of web application directory [C:\Users\bslan\Documents\Projects\bmbgarage\bmbgarage\apache-tomcat-9.0.89\webapps\ROOT] has finished in [19] ms
17-May-2024 17:13:58.283 INFO [main] org.apache.coyote.AbstractProtocol.start Starting ProtocolHandler ["http-nio-8084"]
17-May-2024 17:13:58.324 INFO [main] org.apache.catalina.startup.Catalina.start Server startup in [759] milliseconds
17-May-2024 17:18:06.353 INFO [http-nio-8084-exec-1] org.apache.catalina.startup.HostConfig.deployWAR Despliegue del archivo [C:\Users\bslan\Documents\Projects\bmbgarage\bmbgarage\apache-tomcat-9.0.89\webapps\bmbgarage.war] de la aplicación web
17-May-2024 17:18:07.259 INFO [http-nio-8084-exec-1] org.apache.jasper.servlet.TldScanner.scanJars Al menos un JAR, que se ha explorado buscando TLDs, aún no contenía TLDs. Activar historial de depuración para este historiador para una completa lista de los JARs que fueron explorados y de los que nos se halló TLDs. Saltarse JARs no necesarios durante la exploración puede dar lugar a una mejora de tiempo significativa en el arranque y compilación de JSP .
17-May-2024 17:18:07.268 INFO [http-nio-8084-exec-1] org.apache.catalina.startup.HostConfig.deployWAR Deployment of web application archive [C:\Users\bslan\Documents\Projects\bmbgarage\bmbgarage\apache-tomcat-9.0.89\webapps\bmbgarage.war] has finished in [915] ms
