17-May-2024 17:18:06.244 INFO [http-nio-8084-exec-1] org.apache.catalina.core.ApplicationContext.log Manager: init: Associated with Deployer 'Catalina:type=Deployer,host=localhost'
17-May-2024 17:18:06.244 INFO [http-nio-8084-exec-1] org.apache.catalina.core.ApplicationContext.log Manager: init: Global resources are available
17-May-2024 17:18:06.251 INFO [http-nio-8084-exec-1] org.apache.catalina.core.ApplicationContext.log Manager: deploy: Deploying web application '/bmbgarage'
17-May-2024 17:18:06.251 INFO [http-nio-8084-exec-1] org.apache.catalina.core.ApplicationContext.log Manager: Uploading WAR file to C:\Users\bslan\Documents\Projects\bmbgarage\bmbgarage\apache-tomcat-9.0.89\webapps\bmbgarage.war
17-May-2024 17:30:45.330 INFO [http-nio-8084-exec-2] org.apache.catalina.core.ApplicationContext.log Manager: deploy: Deploying web application '/bmbgarage'
17-May-2024 17:30:45.330 INFO [http-nio-8084-exec-2] org.apache.catalina.core.ApplicationContext.log Manager: Uploading WAR file to C:\Users\bslan\Documents\Projects\bmbgarage\bmbgarage\apache-tomcat-9.0.89\webapps\bmbgarage.war.tmp
17-May-2024 17:41:57.896 INFO [http-nio-8084-exec-13] org.apache.catalina.core.ApplicationContext.log Manager: deploy: Deploying web application '/bmbgarage'
17-May-2024 17:41:57.896 INFO [http-nio-8084-exec-13] org.apache.catalina.core.ApplicationContext.log Manager: Uploading WAR file to C:\Users\bslan\Documents\Projects\bmbgarage\bmbgarage\apache-tomcat-9.0.89\webapps\bmbgarage.war.tmp
17-May-2024 17:43:31.772 INFO [http-nio-8084-exec-1] org.apache.catalina.core.ApplicationContext.log Manager: init: Associated with Deployer 'Catalina:type=Deployer,host=localhost'
17-May-2024 17:43:31.773 INFO [http-nio-8084-exec-1] org.apache.catalina.core.ApplicationContext.log Manager: init: Global resources are available
17-May-2024 17:43:31.778 INFO [http-nio-8084-exec-1] org.apache.catalina.core.ApplicationContext.log Manager: deploy: Deploying web application '/bmbgarage'
17-May-2024 17:43:31.778 INFO [http-nio-8084-exec-1] org.apache.catalina.core.ApplicationContext.log Manager: Uploading WAR file to C:\Users\bslan\Documents\Projects\bmbgarage\bmbgarage\apache-tomcat-9.0.89\webapps\bmbgarage.war.tmp
17-May-2024 17:46:56.864 INFO [http-nio-8084-exec-13] org.apache.catalina.core.ApplicationContext.log Manager: deploy: Deploying web application '/bmbgarage'
17-May-2024 17:46:56.865 INFO [http-nio-8084-exec-13] org.apache.catalina.core.ApplicationContext.log Manager: Uploading WAR file to C:\Users\bslan\Documents\Projects\bmbgarage\bmbgarage\apache-tomcat-9.0.89\webapps\bmbgarage.war.tmp
17-May-2024 17:58:41.874 INFO [http-nio-8084-exec-25] org.apache.catalina.core.ApplicationContext.log Manager: deploy: Deploying web application '/bmbgarage'
17-May-2024 17:58:41.874 INFO [http-nio-8084-exec-25] org.apache.catalina.core.ApplicationContext.log Manager: Uploading WAR file to C:\Users\bslan\Documents\Projects\bmbgarage\bmbgarage\apache-tomcat-9.0.89\webapps\bmbgarage.war.tmp
17-May-2024 18:00:00.377 INFO [http-nio-8084-exec-31] org.apache.catalina.core.ApplicationContext.log Manager: deploy: Deploying web application '/bmbgarage'
17-May-2024 18:00:00.377 INFO [http-nio-8084-exec-31] org.apache.catalina.core.ApplicationContext.log Manager: Uploading WAR file to C:\Users\bslan\Documents\Projects\bmbgarage\bmbgarage\apache-tomcat-9.0.89\webapps\bmbgarage.war.tmp
17-May-2024 18:03:44.565 INFO [http-nio-8084-exec-39] org.apache.catalina.core.ApplicationContext.log Manager: deploy: Deploying web application '/bmbgarage'
17-May-2024 18:03:44.565 INFO [http-nio-8084-exec-39] org.apache.catalina.core.ApplicationContext.log Manager: Uploading WAR file to C:\Users\bslan\Documents\Projects\bmbgarage\bmbgarage\apache-tomcat-9.0.89\webapps\bmbgarage.war.tmp
17-May-2024 18:08:27.788 INFO [http-nio-8084-exec-50] org.apache.catalina.core.ApplicationContext.log Manager: deploy: Deploying web application '/bmbgarage'
17-May-2024 18:08:27.788 INFO [http-nio-8084-exec-50] org.apache.catalina.core.ApplicationContext.log Manager: Uploading WAR file to C:\Users\bslan\Documents\Projects\bmbgarage\bmbgarage\apache-tomcat-9.0.89\webapps\bmbgarage.war.tmp
17-May-2024 18:13:52.333 INFO [http-nio-8084-exec-57] org.apache.catalina.core.ApplicationContext.log Manager: deploy: Deploying web application '/bmbgarage'
17-May-2024 18:13:52.333 INFO [http-nio-8084-exec-57] org.apache.catalina.core.ApplicationContext.log Manager: Uploading WAR file to C:\Users\bslan\Documents\Projects\bmbgarage\bmbgarage\apache-tomcat-9.0.89\webapps\bmbgarage.war.tmp
17-May-2024 18:15:37.481 INFO [http-nio-8084-exec-67] org.apache.catalina.core.ApplicationContext.log Manager: deploy: Deploying web application '/bmbgarage'
17-May-2024 18:15:37.481 INFO [http-nio-8084-exec-67] org.apache.catalina.core.ApplicationContext.log Manager: Uploading WAR file to C:\Users\bslan\Documents\Projects\bmbgarage\bmbgarage\apache-tomcat-9.0.89\webapps\bmbgarage.war.tmp
17-May-2024 18:18:19.226 INFO [http-nio-8084-exec-82] org.apache.catalina.core.ApplicationContext.log Manager: deploy: Deploying web application '/bmbgarage'
17-May-2024 18:18:19.226 INFO [http-nio-8084-exec-82] org.apache.catalina.core.ApplicationContext.log Manager: Uploading WAR file to C:\Users\bslan\Documents\Projects\bmbgarage\bmbgarage\apache-tomcat-9.0.89\webapps\bmbgarage.war.tmp
17-May-2024 18:20:24.891 INFO [http-nio-8084-exec-85] org.apache.catalina.core.ApplicationContext.log Manager: deploy: Deploying web application '/bmbgarage'
17-May-2024 18:20:24.891 INFO [http-nio-8084-exec-85] org.apache.catalina.core.ApplicationContext.log Manager: Uploading WAR file to C:\Users\bslan\Documents\Projects\bmbgarage\bmbgarage\apache-tomcat-9.0.89\webapps\bmbgarage.war.tmp
17-May-2024 18:21:44.161 INFO [http-nio-8084-exec-92] org.apache.catalina.core.ApplicationContext.log Manager: deploy: Deploying web application '/bmbgarage'
17-May-2024 18:21:44.161 INFO [http-nio-8084-exec-92] org.apache.catalina.core.ApplicationContext.log Manager: Uploading WAR file to C:\Users\bslan\Documents\Projects\bmbgarage\bmbgarage\apache-tomcat-9.0.89\webapps\bmbgarage.war.tmp
17-May-2024 18:23:14.517 INFO [http-nio-8084-exec-101] org.apache.catalina.core.ApplicationContext.log Manager: deploy: Deploying web application '/bmbgarage'
17-May-2024 18:23:14.518 INFO [http-nio-8084-exec-101] org.apache.catalina.core.ApplicationContext.log Manager: Uploading WAR file to C:\Users\bslan\Documents\Projects\bmbgarage\bmbgarage\apache-tomcat-9.0.89\webapps\bmbgarage.war.tmp
17-May-2024 18:23:50.406 INFO [http-nio-8084-exec-103] org.apache.catalina.core.ApplicationContext.log Manager: deploy: Deploying web application '/bmbgarage'
17-May-2024 18:23:50.406 INFO [http-nio-8084-exec-103] org.apache.catalina.core.ApplicationContext.log Manager: Uploading WAR file to C:\Users\bslan\Documents\Projects\bmbgarage\bmbgarage\apache-tomcat-9.0.89\webapps\bmbgarage.war.tmp
17-May-2024 18:25:28.653 INFO [http-nio-8084-exec-114] org.apache.catalina.core.ApplicationContext.log Manager: deploy: Deploying web application '/bmbgarage'
17-May-2024 18:25:28.653 INFO [http-nio-8084-exec-114] org.apache.catalina.core.ApplicationContext.log Manager: Uploading WAR file to C:\Users\bslan\Documents\Projects\bmbgarage\bmbgarage\apache-tomcat-9.0.89\webapps\bmbgarage.war.tmp
17-May-2024 18:26:46.545 INFO [http-nio-8084-exec-120] org.apache.catalina.core.ApplicationContext.log Manager: deploy: Deploying web application '/bmbgarage'
17-May-2024 18:26:46.545 INFO [http-nio-8084-exec-120] org.apache.catalina.core.ApplicationContext.log Manager: Uploading WAR file to C:\Users\bslan\Documents\Projects\bmbgarage\bmbgarage\apache-tomcat-9.0.89\webapps\bmbgarage.war.tmp
17-May-2024 18:27:04.799 INFO [http-nio-8084-exec-119] org.apache.catalina.core.ApplicationContext.log Manager: deploy: Deploying web application '/bmbgarage'
17-May-2024 18:27:04.799 INFO [http-nio-8084-exec-119] org.apache.catalina.core.ApplicationContext.log Manager: Uploading WAR file to C:\Users\bslan\Documents\Projects\bmbgarage\bmbgarage\apache-tomcat-9.0.89\webapps\bmbgarage.war.tmp
17-May-2024 18:27:41.017 INFO [http-nio-8084-exec-116] org.apache.catalina.core.ApplicationContext.log Manager: deploy: Deploying web application '/bmbgarage'
17-May-2024 18:27:41.017 INFO [http-nio-8084-exec-116] org.apache.catalina.core.ApplicationContext.log Manager: Uploading WAR file to C:\Users\bslan\Documents\Projects\bmbgarage\bmbgarage\apache-tomcat-9.0.89\webapps\bmbgarage.war.tmp
17-May-2024 18:29:41.525 INFO [http-nio-8084-exec-135] org.apache.catalina.core.ApplicationContext.log Manager: deploy: Deploying web application '/bmbgarage'
17-May-2024 18:29:41.525 INFO [http-nio-8084-exec-135] org.apache.catalina.core.ApplicationContext.log Manager: Uploading WAR file to C:\Users\bslan\Documents\Projects\bmbgarage\bmbgarage\apache-tomcat-9.0.89\webapps\bmbgarage.war.tmp
17-May-2024 18:30:42.509 INFO [http-nio-8084-exec-144] org.apache.catalina.core.ApplicationContext.log Manager: deploy: Deploying web application '/bmbgarage'
17-May-2024 18:30:42.510 INFO [http-nio-8084-exec-144] org.apache.catalina.core.ApplicationContext.log Manager: Uploading WAR file to C:\Users\bslan\Documents\Projects\bmbgarage\bmbgarage\apache-tomcat-9.0.89\webapps\bmbgarage.war.tmp
17-May-2024 18:32:04.064 INFO [http-nio-8084-exec-148] org.apache.catalina.core.ApplicationContext.log Manager: deploy: Deploying web application '/bmbgarage'
17-May-2024 18:32:04.064 INFO [http-nio-8084-exec-148] org.apache.catalina.core.ApplicationContext.log Manager: Uploading WAR file to C:\Users\bslan\Documents\Projects\bmbgarage\bmbgarage\apache-tomcat-9.0.89\webapps\bmbgarage.war.tmp
17-May-2024 18:33:01.061 INFO [http-nio-8084-exec-151] org.apache.catalina.core.ApplicationContext.log Manager: deploy: Deploying web application '/bmbgarage'
17-May-2024 18:33:01.061 INFO [http-nio-8084-exec-151] org.apache.catalina.core.ApplicationContext.log Manager: Uploading WAR file to C:\Users\bslan\Documents\Projects\bmbgarage\bmbgarage\apache-tomcat-9.0.89\webapps\bmbgarage.war.tmp
17-May-2024 18:33:53.870 INFO [http-nio-8084-exec-142] org.apache.catalina.core.ApplicationContext.log Manager: deploy: Deploying web application '/bmbgarage'
17-May-2024 18:33:53.870 INFO [http-nio-8084-exec-142] org.apache.catalina.core.ApplicationContext.log Manager: Uploading WAR file to C:\Users\bslan\Documents\Projects\bmbgarage\bmbgarage\apache-tomcat-9.0.89\webapps\bmbgarage.war.tmp
